[0.155s] DEBUG:colcon:Command line arguments: ['/usr/bin/colcon', 'build', '--packages-select', 'detectreon_densepose']
[0.156s] DEBUG:colcon:Parsed command line arguments: Namespace(ament_cmake_args=None, base_paths=['.'], build_base='build', catkin_cmake_args=None, catkin_skip_building_tests=False, cmake_args=None, cmake_clean_cache=False, cmake_clean_first=False, cmake_force_configure=False, cmake_target=None, cmake_target_skip_unavailable=False, continue_on_error=False, event_handlers=None, executor='parallel', ignore_user_meta=False, install_base='install', log_base=None, log_level=None, main=<bound method BuildVerb.main of <colcon_core.verb.build.BuildVerb object at 0x7f3becf04fd0>>, merge_install=False, metas=['./colcon.meta'], packages_above=None, packages_above_depth=None, packages_end=None, packages_ignore=None, packages_ignore_regex=None, packages_select=['detectreon_densepose'], packages_select_build_failed=False, packages_select_by_dep=None, packages_select_regex=None, packages_select_test_failures=False, packages_skip=None, packages_skip_build_finished=False, packages_skip_by_dep=None, packages_skip_regex=None, packages_skip_test_passed=False, packages_skip_up_to=None, packages_start=None, packages_up_to=None, parallel_workers=8, paths=None, symlink_install=False, test_result_base=None, verb_extension=<colcon_core.verb.build.BuildVerb object at 0x7f3becf04fd0>, verb_name='build', verb_parser=<colcon_defaults.argument_parser.defaults.DefaultArgumentsDecorator object at 0x7f3becf0f358>)
[0.193s] Level 1:colcon.colcon_core.package_discovery:discover_packages(colcon_meta) check parameters
[0.193s] Level 1:colcon.colcon_core.package_discovery:discover_packages(recursive) check parameters
[0.193s] Level 1:colcon.colcon_core.package_discovery:discover_packages(ignore) check parameters
[0.193s] Level 1:colcon.colcon_core.package_discovery:discover_packages(path) check parameters
[0.193s] Level 1:colcon.colcon_core.package_discovery:discover_packages(colcon_meta) discover
[0.193s] Level 1:colcon.colcon_core.package_discovery:discover_packages(recursive) discover
[0.193s] INFO:colcon.colcon_core.package_discovery:Crawling recursively for packages in '/home/ubuntu/dev_ros2_ws'
[0.193s] Level 1:colcon.colcon_core.package_identification:_identify(.) by extensions ['ignore', 'ignore_ament_install']
[0.194s] Level 1:colcon.colcon_core.package_identification:_identify(.) by extension 'ignore'
[0.194s] Level 1:colcon.colcon_core.package_identification:_identify(.) by extension 'ignore_ament_install'
[0.194s] Level 1:colcon.colcon_core.package_identification:_identify(.) by extensions ['colcon_pkg']
[0.194s] Level 1:colcon.colcon_core.package_identification:_identify(.) by extension 'colcon_pkg'
[0.194s] Level 1:colcon.colcon_core.package_identification:_identify(.) by extensions ['colcon_meta']
[0.194s] Level 1:colcon.colcon_core.package_identification:_identify(.) by extension 'colcon_meta'
[0.194s] Level 1:colcon.colcon_core.package_identification:_identify(.) by extensions ['ros']
[0.194s] Level 1:colcon.colcon_core.package_identification:_identify(.) by extension 'ros'
[0.206s] Level 1:colcon.colcon_core.package_identification:_identify(.) by extensions ['cmake', 'python']
[0.206s] Level 1:colcon.colcon_core.package_identification:_identify(.) by extension 'cmake'
[0.206s] Level 1:colcon.colcon_core.package_identification:_identify(.) by extension 'python'
[0.206s] Level 1:colcon.colcon_core.package_identification:_identify(.) by extensions ['python_setup_py']
[0.206s] Level 1:colcon.colcon_core.package_identification:_identify(.) by extension 'python_setup_py'
[0.207s] Level 1:colcon.colcon_core.package_identification:_identify(build) by extensions ['ignore', 'ignore_ament_install']
[0.207s] Level 1:colcon.colcon_core.package_identification:_identify(build) by extension 'ignore'
[0.207s] Level 1:colcon.colcon_core.package_identification:_identify(build) ignored
[0.207s] Level 1:colcon.colcon_core.package_identification:_identify(install) by extensions ['ignore', 'ignore_ament_install']
[0.207s] Level 1:colcon.colcon_core.package_identification:_identify(install) by extension 'ignore'
[0.207s] Level 1:colcon.colcon_core.package_identification:_identify(install) ignored
[0.207s] Level 1:colcon.colcon_core.package_identification:_identify(log) by extensions ['ignore', 'ignore_ament_install']
[0.207s] Level 1:colcon.colcon_core.package_identification:_identify(log) by extension 'ignore'
[0.207s] Level 1:colcon.colcon_core.package_identification:_identify(log) ignored
[0.208s] Level 1:colcon.colcon_core.package_identification:_identify(src) by extensions ['ignore', 'ignore_ament_install']
[0.208s] Level 1:colcon.colcon_core.package_identification:_identify(src) by extension 'ignore'
[0.208s] Level 1:colcon.colcon_core.package_identification:_identify(src) by extension 'ignore_ament_install'
[0.208s] Level 1:colcon.colcon_core.package_identification:_identify(src) by extensions ['colcon_pkg']
[0.208s] Level 1:colcon.colcon_core.package_identification:_identify(src) by extension 'colcon_pkg'
[0.208s] Level 1:colcon.colcon_core.package_identification:_identify(src) by extensions ['colcon_meta']
[0.208s] Level 1:colcon.colcon_core.package_identification:_identify(src) by extension 'colcon_meta'
[0.208s] Level 1:colcon.colcon_core.package_identification:_identify(src) by extensions ['ros']
[0.208s] Level 1:colcon.colcon_core.package_identification:_identify(src) by extension 'ros'
[0.208s] Level 1:colcon.colcon_core.package_identification:_identify(src) by extensions ['cmake', 'python']
[0.208s] Level 1:colcon.colcon_core.package_identification:_identify(src) by extension 'cmake'
[0.208s] Level 1:colcon.colcon_core.package_identification:_identify(src) by extension 'python'
[0.208s] Level 1:colcon.colcon_core.package_identification:_identify(src) by extensions ['python_setup_py']
[0.208s] Level 1:colcon.colcon_core.package_identification:_identify(src) by extension 'python_setup_py'
[0.208s] Level 1:colcon.colcon_core.package_identification:_identify(src/detectreon_densepose) by extensions ['ignore', 'ignore_ament_install']
[0.208s] Level 1:colcon.colcon_core.package_identification:_identify(src/detectreon_densepose) by extension 'ignore'
[0.208s] Level 1:colcon.colcon_core.package_identification:_identify(src/detectreon_densepose) by extension 'ignore_ament_install'
[0.208s] Level 1:colcon.colcon_core.package_identification:_identify(src/detectreon_densepose) by extensions ['colcon_pkg']
[0.208s] Level 1:colcon.colcon_core.package_identification:_identify(src/detectreon_densepose) by extension 'colcon_pkg'
[0.208s] Level 1:colcon.colcon_core.package_identification:_identify(src/detectreon_densepose) by extensions ['colcon_meta']
[0.209s] Level 1:colcon.colcon_core.package_identification:_identify(src/detectreon_densepose) by extension 'colcon_meta'
[0.209s] Level 1:colcon.colcon_core.package_identification:_identify(src/detectreon_densepose) by extensions ['ros']
[0.209s] Level 1:colcon.colcon_core.package_identification:_identify(src/detectreon_densepose) by extension 'ros'
[0.211s] DEBUG:colcon.colcon_core.package_identification:Package 'src/detectreon_densepose' with type 'ros.ament_python' and name 'detectreon_densepose'
[0.211s] Level 1:colcon.colcon_core.package_identification:_identify(src/imgpub_pkg) by extensions ['ignore', 'ignore_ament_install']
[0.211s] Level 1:colcon.colcon_core.package_identification:_identify(src/imgpub_pkg) by extension 'ignore'
[0.211s] Level 1:colcon.colcon_core.package_identification:_identify(src/imgpub_pkg) by extension 'ignore_ament_install'
[0.211s] Level 1:colcon.colcon_core.package_identification:_identify(src/imgpub_pkg) by extensions ['colcon_pkg']
[0.211s] Level 1:colcon.colcon_core.package_identification:_identify(src/imgpub_pkg) by extension 'colcon_pkg'
[0.211s] Level 1:colcon.colcon_core.package_identification:_identify(src/imgpub_pkg) by extensions ['colcon_meta']
[0.212s] Level 1:colcon.colcon_core.package_identification:_identify(src/imgpub_pkg) by extension 'colcon_meta'
[0.212s] Level 1:colcon.colcon_core.package_identification:_identify(src/imgpub_pkg) by extensions ['ros']
[0.212s] Level 1:colcon.colcon_core.package_identification:_identify(src/imgpub_pkg) by extension 'ros'
[0.213s] DEBUG:colcon.colcon_core.package_identification:Package 'src/imgpub_pkg' with type 'ros.ament_python' and name 'imgpub_pkg'
[0.213s] Level 1:colcon.colcon_core.package_identification:_identify(src/vision_opencv) by extensions ['ignore', 'ignore_ament_install']
[0.213s] Level 1:colcon.colcon_core.package_identification:_identify(src/vision_opencv) by extension 'ignore'
[0.213s] Level 1:colcon.colcon_core.package_identification:_identify(src/vision_opencv) by extension 'ignore_ament_install'
[0.213s] Level 1:colcon.colcon_core.package_identification:_identify(src/vision_opencv) by extensions ['colcon_pkg']
[0.213s] Level 1:colcon.colcon_core.package_identification:_identify(src/vision_opencv) by extension 'colcon_pkg'
[0.213s] Level 1:colcon.colcon_core.package_identification:_identify(src/vision_opencv) by extensions ['colcon_meta']
[0.213s] Level 1:colcon.colcon_core.package_identification:_identify(src/vision_opencv) by extension 'colcon_meta'
[0.213s] Level 1:colcon.colcon_core.package_identification:_identify(src/vision_opencv) by extensions ['ros']
[0.213s] Level 1:colcon.colcon_core.package_identification:_identify(src/vision_opencv) by extension 'ros'
[0.213s] Level 1:colcon.colcon_core.package_identification:_identify(src/vision_opencv) by extensions ['cmake', 'python']
[0.213s] Level 1:colcon.colcon_core.package_identification:_identify(src/vision_opencv) by extension 'cmake'
[0.213s] Level 1:colcon.colcon_core.package_identification:_identify(src/vision_opencv) by extension 'python'
[0.213s] Level 1:colcon.colcon_core.package_identification:_identify(src/vision_opencv) by extensions ['python_setup_py']
[0.213s] Level 1:colcon.colcon_core.package_identification:_identify(src/vision_opencv) by extension 'python_setup_py'
[0.213s] Level 1:colcon.colcon_core.package_identification:_identify(src/vision_opencv/build) by extensions ['ignore', 'ignore_ament_install']
[0.214s] Level 1:colcon.colcon_core.package_identification:_identify(src/vision_opencv/build) by extension 'ignore'
[0.214s] Level 1:colcon.colcon_core.package_identification:_identify(src/vision_opencv/build) ignored
[0.214s] Level 1:colcon.colcon_core.package_identification:_identify(src/vision_opencv/cv_bridge) by extensions ['ignore', 'ignore_ament_install']
[0.214s] Level 1:colcon.colcon_core.package_identification:_identify(src/vision_opencv/cv_bridge) by extension 'ignore'
[0.214s] Level 1:colcon.colcon_core.package_identification:_identify(src/vision_opencv/cv_bridge) by extension 'ignore_ament_install'
[0.214s] Level 1:colcon.colcon_core.package_identification:_identify(src/vision_opencv/cv_bridge) by extensions ['colcon_pkg']
[0.214s] Level 1:colcon.colcon_core.package_identification:_identify(src/vision_opencv/cv_bridge) by extension 'colcon_pkg'
[0.214s] Level 1:colcon.colcon_core.package_identification:_identify(src/vision_opencv/cv_bridge) by extensions ['colcon_meta']
[0.214s] Level 1:colcon.colcon_core.package_identification:_identify(src/vision_opencv/cv_bridge) by extension 'colcon_meta'
[0.214s] Level 1:colcon.colcon_core.package_identification:_identify(src/vision_opencv/cv_bridge) by extensions ['ros']
[0.214s] Level 1:colcon.colcon_core.package_identification:_identify(src/vision_opencv/cv_bridge) by extension 'ros'
[0.215s] DEBUG:colcon.colcon_core.package_identification:Package 'src/vision_opencv/cv_bridge' with type 'ros.ament_cmake' and name 'cv_bridge'
[0.215s] Level 1:colcon.colcon_core.package_identification:_identify(src/vision_opencv/image_geometry) by extensions ['ignore', 'ignore_ament_install']
[0.215s] Level 1:colcon.colcon_core.package_identification:_identify(src/vision_opencv/image_geometry) by extension 'ignore'
[0.215s] Level 1:colcon.colcon_core.package_identification:_identify(src/vision_opencv/image_geometry) by extension 'ignore_ament_install'
[0.215s] Level 1:colcon.colcon_core.package_identification:_identify(src/vision_opencv/image_geometry) by extensions ['colcon_pkg']
[0.215s] Level 1:colcon.colcon_core.package_identification:_identify(src/vision_opencv/image_geometry) by extension 'colcon_pkg'
[0.215s] Level 1:colcon.colcon_core.package_identification:_identify(src/vision_opencv/image_geometry) by extensions ['colcon_meta']
[0.215s] Level 1:colcon.colcon_core.package_identification:_identify(src/vision_opencv/image_geometry) by extension 'colcon_meta'
[0.216s] Level 1:colcon.colcon_core.package_identification:_identify(src/vision_opencv/image_geometry) by extensions ['ros']
[0.216s] Level 1:colcon.colcon_core.package_identification:_identify(src/vision_opencv/image_geometry) by extension 'ros'
[0.216s] DEBUG:colcon.colcon_core.package_identification:Package 'src/vision_opencv/image_geometry' with type 'ros.ament_cmake' and name 'image_geometry'
[0.216s] Level 1:colcon.colcon_core.package_identification:_identify(src/vision_opencv/install) by extensions ['ignore', 'ignore_ament_install']
[0.216s] Level 1:colcon.colcon_core.package_identification:_identify(src/vision_opencv/install) by extension 'ignore'
[0.217s] Level 1:colcon.colcon_core.package_identification:_identify(src/vision_opencv/install) ignored
[0.217s] Level 1:colcon.colcon_core.package_identification:_identify(src/vision_opencv/log) by extensions ['ignore', 'ignore_ament_install']
[0.217s] Level 1:colcon.colcon_core.package_identification:_identify(src/vision_opencv/log) by extension 'ignore'
[0.217s] Level 1:colcon.colcon_core.package_identification:_identify(src/vision_opencv/log) ignored
[0.217s] Level 1:colcon.colcon_core.package_identification:_identify(src/vision_opencv/opencv_tests) by extensions ['ignore', 'ignore_ament_install']
[0.217s] Level 1:colcon.colcon_core.package_identification:_identify(src/vision_opencv/opencv_tests) by extension 'ignore'
[0.217s] Level 1:colcon.colcon_core.package_identification:_identify(src/vision_opencv/opencv_tests) by extension 'ignore_ament_install'
[0.217s] Level 1:colcon.colcon_core.package_identification:_identify(src/vision_opencv/opencv_tests) by extensions ['colcon_pkg']
[0.217s] Level 1:colcon.colcon_core.package_identification:_identify(src/vision_opencv/opencv_tests) by extension 'colcon_pkg'
[0.217s] Level 1:colcon.colcon_core.package_identification:_identify(src/vision_opencv/opencv_tests) by extensions ['colcon_meta']
[0.217s] Level 1:colcon.colcon_core.package_identification:_identify(src/vision_opencv/opencv_tests) by extension 'colcon_meta'
[0.217s] Level 1:colcon.colcon_core.package_identification:_identify(src/vision_opencv/opencv_tests) by extensions ['ros']
[0.217s] Level 1:colcon.colcon_core.package_identification:_identify(src/vision_opencv/opencv_tests) by extension 'ros'
[0.218s] DEBUG:colcon.colcon_core.package_identification:Package 'src/vision_opencv/opencv_tests' with type 'ros.ament_python' and name 'opencv_tests'
[0.218s] Level 1:colcon.colcon_core.package_identification:_identify(src/vision_opencv/vision_opencv) by extensions ['ignore', 'ignore_ament_install']
[0.218s] Level 1:colcon.colcon_core.package_identification:_identify(src/vision_opencv/vision_opencv) by extension 'ignore'
[0.218s] Level 1:colcon.colcon_core.package_identification:_identify(src/vision_opencv/vision_opencv) by extension 'ignore_ament_install'
[0.218s] Level 1:colcon.colcon_core.package_identification:_identify(src/vision_opencv/vision_opencv) by extensions ['colcon_pkg']
[0.218s] Level 1:colcon.colcon_core.package_identification:_identify(src/vision_opencv/vision_opencv) by extension 'colcon_pkg'
[0.218s] Level 1:colcon.colcon_core.package_identification:_identify(src/vision_opencv/vision_opencv) by extensions ['colcon_meta']
[0.218s] Level 1:colcon.colcon_core.package_identification:_identify(src/vision_opencv/vision_opencv) by extension 'colcon_meta'
[0.218s] Level 1:colcon.colcon_core.package_identification:_identify(src/vision_opencv/vision_opencv) by extensions ['ros']
[0.218s] Level 1:colcon.colcon_core.package_identification:_identify(src/vision_opencv/vision_opencv) by extension 'ros'
[0.219s] DEBUG:colcon.colcon_core.package_identification:Package 'src/vision_opencv/vision_opencv' with type 'ros.ament_cmake' and name 'vision_opencv'
[0.219s] Level 1:colcon.colcon_core.package_identification:_identify(venv) by extensions ['ignore', 'ignore_ament_install']
[0.219s] Level 1:colcon.colcon_core.package_identification:_identify(venv) by extension 'ignore'
[0.219s] Level 1:colcon.colcon_core.package_identification:_identify(venv) by extension 'ignore_ament_install'
[0.219s] Level 1:colcon.colcon_core.package_identification:_identify(venv) by extensions ['colcon_pkg']
[0.219s] Level 1:colcon.colcon_core.package_identification:_identify(venv) by extension 'colcon_pkg'
[0.219s] Level 1:colcon.colcon_core.package_identification:_identify(venv) by extensions ['colcon_meta']
[0.219s] Level 1:colcon.colcon_core.package_identification:_identify(venv) by extension 'colcon_meta'
[0.219s] Level 1:colcon.colcon_core.package_identification:_identify(venv) by extensions ['ros']
[0.219s] Level 1:colcon.colcon_core.package_identification:_identify(venv) by extension 'ros'
[0.219s] Level 1:colcon.colcon_core.package_identification:_identify(venv) by extensions ['cmake', 'python']
[0.219s] Level 1:colcon.colcon_core.package_identification:_identify(venv) by extension 'cmake'
[0.219s] Level 1:colcon.colcon_core.package_identification:_identify(venv) by extension 'python'
[0.219s] Level 1:colcon.colcon_core.package_identification:_identify(venv) by extensions ['python_setup_py']
[0.220s] Level 1:colcon.colcon_core.package_identification:_identify(venv) by extension 'python_setup_py'
[0.220s] Level 1:colcon.colcon_core.package_identification:_identify(venv/lib) by extensions ['ignore', 'ignore_ament_install']
[0.220s] Level 1:colcon.colcon_core.package_identification:_identify(venv/lib) by extension 'ignore'
[0.220s] Level 1:colcon.colcon_core.package_identification:_identify(venv/lib) by extension 'ignore_ament_install'
[0.220s] Level 1:colcon.colcon_core.package_identification:_identify(venv/lib) by extensions ['colcon_pkg']
[0.220s] Level 1:colcon.colcon_core.package_identification:_identify(venv/lib) by extension 'colcon_pkg'
[0.220s] Level 1:colcon.colcon_core.package_identification:_identify(venv/lib) by extensions ['colcon_meta']
[0.220s] Level 1:colcon.colcon_core.package_identification:_identify(venv/lib) by extension 'colcon_meta'
[0.220s] Level 1:colcon.colcon_core.package_identification:_identify(venv/lib) by extensions ['ros']
[0.220s] Level 1:colcon.colcon_core.package_identification:_identify(venv/lib) by extension 'ros'
[0.220s] Level 1:colcon.colcon_core.package_identification:_identify(venv/lib) by extensions ['cmake', 'python']
[0.220s] Level 1:colcon.colcon_core.package_identification:_identify(venv/lib) by extension 'cmake'
[0.220s] Level 1:colcon.colcon_core.package_identification:_identify(venv/lib) by extension 'python'
[0.220s] Level 1:colcon.colcon_core.package_identification:_identify(venv/lib) by extensions ['python_setup_py']
[0.220s] Level 1:colcon.colcon_core.package_identification:_identify(venv/lib) by extension 'python_setup_py'
[0.220s] Level 1:colcon.colcon_core.package_identification:_identify(venv/lib/python3.6) by extensions ['ignore', 'ignore_ament_install']
[0.220s] Level 1:colcon.colcon_core.package_identification:_identify(venv/lib/python3.6) by extension 'ignore'
[0.220s] Level 1:colcon.colcon_core.package_identification:_identify(venv/lib/python3.6) by extension 'ignore_ament_install'
[0.220s] Level 1:colcon.colcon_core.package_identification:_identify(venv/lib/python3.6) by extensions ['colcon_pkg']
[0.220s] Level 1:colcon.colcon_core.package_identification:_identify(venv/lib/python3.6) by extension 'colcon_pkg'
[0.221s] Level 1:colcon.colcon_core.package_identification:_identify(venv/lib/python3.6) by extensions ['colcon_meta']
[0.221s] Level 1:colcon.colcon_core.package_identification:_identify(venv/lib/python3.6) by extension 'colcon_meta'
[0.221s] Level 1:colcon.colcon_core.package_identification:_identify(venv/lib/python3.6) by extensions ['ros']
[0.221s] Level 1:colcon.colcon_core.package_identification:_identify(venv/lib/python3.6) by extension 'ros'
[0.221s] Level 1:colcon.colcon_core.package_identification:_identify(venv/lib/python3.6) by extensions ['cmake', 'python']
[0.221s] Level 1:colcon.colcon_core.package_identification:_identify(venv/lib/python3.6) by extension 'cmake'
[0.221s] Level 1:colcon.colcon_core.package_identification:_identify(venv/lib/python3.6) by extension 'python'
[0.221s] Level 1:colcon.colcon_core.package_identification:_identify(venv/lib/python3.6) by extensions ['python_setup_py']
[0.221s] Level 1:colcon.colcon_core.package_identification:_identify(venv/lib/python3.6) by extension 'python_setup_py'
[0.221s] Level 1:colcon.colcon_core.package_identification:_identify(venv/lib/python3.6/site-packages) by extensions ['ignore', 'ignore_ament_install']
[0.221s] Level 1:colcon.colcon_core.package_identification:_identify(venv/lib/python3.6/site-packages) by extension 'ignore'
[0.221s] Level 1:colcon.colcon_core.package_identification:_identify(venv/lib/python3.6/site-packages) by extension 'ignore_ament_install'
[0.221s] Level 1:colcon.colcon_core.package_identification:_identify(venv/lib/python3.6/site-packages) by extensions ['colcon_pkg']
[0.221s] Level 1:colcon.colcon_core.package_identification:_identify(venv/lib/python3.6/site-packages) by extension 'colcon_pkg'
[0.221s] Level 1:colcon.colcon_core.package_identification:_identify(venv/lib/python3.6/site-packages) by extensions ['colcon_meta']
[0.221s] Level 1:colcon.colcon_core.package_identification:_identify(venv/lib/python3.6/site-packages) by extension 'colcon_meta'
[0.221s] Level 1:colcon.colcon_core.package_identification:_identify(venv/lib/python3.6/site-packages) by extensions ['ros']
[0.221s] Level 1:colcon.colcon_core.package_identification:_identify(venv/lib/python3.6/site-packages) by extension 'ros'
[0.221s] Level 1:colcon.colcon_core.package_identification:_identify(venv/lib/python3.6/site-packages) by extensions ['cmake', 'python']
[0.221s] Level 1:colcon.colcon_core.package_identification:_identify(venv/lib/python3.6/site-packages) by extension 'cmake'
[0.221s] Level 1:colcon.colcon_core.package_identification:_identify(venv/lib/python3.6/site-packages) by extension 'python'
[0.221s] Level 1:colcon.colcon_core.package_identification:_identify(venv/lib/python3.6/site-packages) by extensions ['python_setup_py']
[0.222s] Level 1:colcon.colcon_core.package_identification:_identify(venv/lib/python3.6/site-packages) by extension 'python_setup_py'
[0.222s] Level 1:colcon.colcon_core.package_identification:_identify(venv/lib/python3.6/site-packages/pip) by extensions ['ignore', 'ignore_ament_install']
[0.222s] Level 1:colcon.colcon_core.package_identification:_identify(venv/lib/python3.6/site-packages/pip) by extension 'ignore'
[0.222s] Level 1:colcon.colcon_core.package_identification:_identify(venv/lib/python3.6/site-packages/pip) by extension 'ignore_ament_install'
[0.222s] Level 1:colcon.colcon_core.package_identification:_identify(venv/lib/python3.6/site-packages/pip) by extensions ['colcon_pkg']
[0.222s] Level 1:colcon.colcon_core.package_identification:_identify(venv/lib/python3.6/site-packages/pip) by extension 'colcon_pkg'
[0.222s] Level 1:colcon.colcon_core.package_identification:_identify(venv/lib/python3.6/site-packages/pip) by extensions ['colcon_meta']
[0.222s] Level 1:colcon.colcon_core.package_identification:_identify(venv/lib/python3.6/site-packages/pip) by extension 'colcon_meta'
[0.222s] Level 1:colcon.colcon_core.package_identification:_identify(venv/lib/python3.6/site-packages/pip) by extensions ['ros']
[0.222s] Level 1:colcon.colcon_core.package_identification:_identify(venv/lib/python3.6/site-packages/pip) by extension 'ros'
[0.222s] Level 1:colcon.colcon_core.package_identification:_identify(venv/lib/python3.6/site-packages/pip) by extensions ['cmake', 'python']
[0.222s] Level 1:colcon.colcon_core.package_identification:_identify(venv/lib/python3.6/site-packages/pip) by extension 'cmake'
[0.222s] Level 1:colcon.colcon_core.package_identification:_identify(venv/lib/python3.6/site-packages/pip) by extension 'python'
[0.222s] Level 1:colcon.colcon_core.package_identification:_identify(venv/lib/python3.6/site-packages/pip) by extensions ['python_setup_py']
[0.222s] Level 1:colcon.colcon_core.package_identification:_identify(venv/lib/python3.6/site-packages/pip) by extension 'python_setup_py'
[0.222s] Level 1:colcon.colcon_core.package_identification:_identify(venv/lib/python3.6/site-packages/pip/_internal) by extensions ['ignore', 'ignore_ament_install']
[0.222s] Level 1:colcon.colcon_core.package_identification:_identify(venv/lib/python3.6/site-packages/pip/_internal) by extension 'ignore'
[0.222s] Level 1:colcon.colcon_core.package_identification:_identify(venv/lib/python3.6/site-packages/pip/_internal) by extension 'ignore_ament_install'
[0.223s] Level 1:colcon.colcon_core.package_identification:_identify(venv/lib/python3.6/site-packages/pip/_internal) by extensions ['colcon_pkg']
[0.223s] Level 1:colcon.colcon_core.package_identification:_identify(venv/lib/python3.6/site-packages/pip/_internal) by extension 'colcon_pkg'
[0.223s] Level 1:colcon.colcon_core.package_identification:_identify(venv/lib/python3.6/site-packages/pip/_internal) by extensions ['colcon_meta']
[0.223s] Level 1:colcon.colcon_core.package_identification:_identify(venv/lib/python3.6/site-packages/pip/_internal) by extension 'colcon_meta'
[0.223s] Level 1:colcon.colcon_core.package_identification:_identify(venv/lib/python3.6/site-packages/pip/_internal) by extensions ['ros']
[0.223s] Level 1:colcon.colcon_core.package_identification:_identify(venv/lib/python3.6/site-packages/pip/_internal) by extension 'ros'
[0.223s] Level 1:colcon.colcon_core.package_identification:_identify(venv/lib/python3.6/site-packages/pip/_internal) by extensions ['cmake', 'python']
[0.223s] Level 1:colcon.colcon_core.package_identification:_identify(venv/lib/python3.6/site-packages/pip/_internal) by extension 'cmake'
[0.223s] Level 1:colcon.colcon_core.package_identification:_identify(venv/lib/python3.6/site-packages/pip/_internal) by extension 'python'
[0.223s] Level 1:colcon.colcon_core.package_identification:_identify(venv/lib/python3.6/site-packages/pip/_internal) by extensions ['python_setup_py']
[0.223s] Level 1:colcon.colcon_core.package_identification:_identify(venv/lib/python3.6/site-packages/pip/_internal) by extension 'python_setup_py'
[0.223s] Level 1:colcon.colcon_core.package_identification:_identify(venv/lib/python3.6/site-packages/pip/_internal/commands) by extensions ['ignore', 'ignore_ament_install']
[0.223s] Level 1:colcon.colcon_core.package_identification:_identify(venv/lib/python3.6/site-packages/pip/_internal/commands) by extension 'ignore'
[0.223s] Level 1:colcon.colcon_core.package_identification:_identify(venv/lib/python3.6/site-packages/pip/_internal/commands) by extension 'ignore_ament_install'
[0.223s] Level 1:colcon.colcon_core.package_identification:_identify(venv/lib/python3.6/site-packages/pip/_internal/commands) by extensions ['colcon_pkg']
[0.223s] Level 1:colcon.colcon_core.package_identification:_identify(venv/lib/python3.6/site-packages/pip/_internal/commands) by extension 'colcon_pkg'
[0.223s] Level 1:colcon.colcon_core.package_identification:_identify(venv/lib/python3.6/site-packages/pip/_internal/commands) by extensions ['colcon_meta']
[0.223s] Level 1:colcon.colcon_core.package_identification:_identify(venv/lib/python3.6/site-packages/pip/_internal/commands) by extension 'colcon_meta'
[0.223s] Level 1:colcon.colcon_core.package_identification:_identify(venv/lib/python3.6/site-packages/pip/_internal/commands) by extensions ['ros']
[0.223s] Level 1:colcon.colcon_core.package_identification:_identify(venv/lib/python3.6/site-packages/pip/_internal/commands) by extension 'ros'
[0.223s] Level 1:colcon.colcon_core.package_identification:_identify(venv/lib/python3.6/site-packages/pip/_internal/commands) by extensions ['cmake', 'python']
[0.224s] Level 1:colcon.colcon_core.package_identification:_identify(venv/lib/python3.6/site-packages/pip/_internal/commands) by extension 'cmake'
[0.224s] Level 1:colcon.colcon_core.package_identification:_identify(venv/lib/python3.6/site-packages/pip/_internal/commands) by extension 'python'
[0.224s] Level 1:colcon.colcon_core.package_identification:_identify(venv/lib/python3.6/site-packages/pip/_internal/commands) by extensions ['python_setup_py']
[0.224s] Level 1:colcon.colcon_core.package_identification:_identify(venv/lib/python3.6/site-packages/pip/_internal/commands) by extension 'python_setup_py'
[0.224s] Level 1:colcon.colcon_core.package_identification:_identify(venv/lib/python3.6/site-packages/pip/_internal/commands/__pycache__) by extensions ['ignore', 'ignore_ament_install']
[0.224s] Level 1:colcon.colcon_core.package_identification:_identify(venv/lib/python3.6/site-packages/pip/_internal/commands/__pycache__) by extension 'ignore'
[0.224s] Level 1:colcon.colcon_core.package_identification:_identify(venv/lib/python3.6/site-packages/pip/_internal/commands/__pycache__) by extension 'ignore_ament_install'
[0.224s] Level 1:colcon.colcon_core.package_identification:_identify(venv/lib/python3.6/site-packages/pip/_internal/commands/__pycache__) by extensions ['colcon_pkg']
[0.224s] Level 1:colcon.colcon_core.package_identification:_identify(venv/lib/python3.6/site-packages/pip/_internal/commands/__pycache__) by extension 'colcon_pkg'
[0.224s] Level 1:colcon.colcon_core.package_identification:_identify(venv/lib/python3.6/site-packages/pip/_internal/commands/__pycache__) by extensions ['colcon_meta']
[0.224s] Level 1:colcon.colcon_core.package_identification:_identify(venv/lib/python3.6/site-packages/pip/_internal/commands/__pycache__) by extension 'colcon_meta'
[0.224s] Level 1:colcon.colcon_core.package_identification:_identify(venv/lib/python3.6/site-packages/pip/_internal/commands/__pycache__) by extensions ['ros']
[0.224s] Level 1:colcon.colcon_core.package_identification:_identify(venv/lib/python3.6/site-packages/pip/_internal/commands/__pycache__) by extension 'ros'
[0.224s] Level 1:colcon.colcon_core.package_identification:_identify(venv/lib/python3.6/site-packages/pip/_internal/commands/__pycache__) by extensions ['cmake', 'python']
[0.224s] Level 1:colcon.colcon_core.package_identification:_identify(venv/lib/python3.6/site-packages/pip/_internal/commands/__pycache__) by extension 'cmake'
[0.224s] Level 1:colcon.colcon_core.package_identification:_identify(venv/lib/python3.6/site-packages/pip/_internal/commands/__pycache__) by extension 'python'
[0.224s] Level 1:colcon.colcon_core.package_identification:_identify(venv/lib/python3.6/site-packages/pip/_internal/commands/__pycache__) by extensions ['python_setup_py']
[0.224s] Level 1:colcon.colcon_core.package_identification:_identify(venv/lib/python3.6/site-packages/pip/_internal/commands/__pycache__) by extension 'python_setup_py'
[0.224s] Level 1:colcon.colcon_core.package_identification:_identify(venv/lib/python3.6/site-packages/pip/_internal/models) by extensions ['ignore', 'ignore_ament_install']
[0.225s] Level 1:colcon.colcon_core.package_identification:_identify(venv/lib/python3.6/site-packages/pip/_internal/models) by extension 'ignore'
[0.225s] Level 1:colcon.colcon_core.package_identification:_identify(venv/lib/python3.6/site-packages/pip/_internal/models) by extension 'ignore_ament_install'
[0.225s] Level 1:colcon.colcon_core.package_identification:_identify(venv/lib/python3.6/site-packages/pip/_internal/models) by extensions ['colcon_pkg']
[0.225s] Level 1:colcon.colcon_core.package_identification:_identify(venv/lib/python3.6/site-packages/pip/_internal/models) by extension 'colcon_pkg'
[0.225s] Level 1:colcon.colcon_core.package_identification:_identify(venv/lib/python3.6/site-packages/pip/_internal/models) by extensions ['colcon_meta']
[0.225s] Level 1:colcon.colcon_core.package_identification:_identify(venv/lib/python3.6/site-packages/pip/_internal/models) by extension 'colcon_meta'
[0.225s] Level 1:colcon.colcon_core.package_identification:_identify(venv/lib/python3.6/site-packages/pip/_internal/models) by extensions ['ros']
[0.225s] Level 1:colcon.colcon_core.package_identification:_identify(venv/lib/python3.6/site-packages/pip/_internal/models) by extension 'ros'
[0.225s] Level 1:colcon.colcon_core.package_identification:_identify(venv/lib/python3.6/site-packages/pip/_internal/models) by extensions ['cmake', 'python']
[0.225s] Level 1:colcon.colcon_core.package_identification:_identify(venv/lib/python3.6/site-packages/pip/_internal/models) by extension 'cmake'
[0.225s] Level 1:colcon.colcon_core.package_identification:_identify(venv/lib/python3.6/site-packages/pip/_internal/models) by extension 'python'
[0.225s] Level 1:colcon.colcon_core.package_identification:_identify(venv/lib/python3.6/site-packages/pip/_internal/models) by extensions ['python_setup_py']
[0.225s] Level 1:colcon.colcon_core.package_identification:_identify(venv/lib/python3.6/site-packages/pip/_internal/models) by extension 'python_setup_py'
[0.225s] Level 1:colcon.colcon_core.package_identification:_identify(venv/lib/python3.6/site-packages/pip/_internal/models/__pycache__) by extensions ['ignore', 'ignore_ament_install']
[0.225s] Level 1:colcon.colcon_core.package_identification:_identify(venv/lib/python3.6/site-packages/pip/_internal/models/__pycache__) by extension 'ignore'
[0.225s] Level 1:colcon.colcon_core.package_identification:_identify(venv/lib/python3.6/site-packages/pip/_internal/models/__pycache__) by extension 'ignore_ament_install'
[0.225s] Level 1:colcon.colcon_core.package_identification:_identify(venv/lib/python3.6/site-packages/pip/_internal/models/__pycache__) by extensions ['colcon_pkg']
[0.225s] Level 1:colcon.colcon_core.package_identification:_identify(venv/lib/python3.6/site-packages/pip/_internal/models/__pycache__) by extension 'colcon_pkg'
[0.225s] Level 1:colcon.colcon_core.package_identification:_identify(venv/lib/python3.6/site-packages/pip/_internal/models/__pycache__) by extensions ['colcon_meta']
[0.225s] Level 1:colcon.colcon_core.package_identification:_identify(venv/lib/python3.6/site-packages/pip/_internal/models/__pycache__) by extension 'colcon_meta'
[0.225s] Level 1:colcon.colcon_core.package_identification:_identify(venv/lib/python3.6/site-packages/pip/_internal/models/__pycache__) by extensions ['ros']
[0.225s] Level 1:colcon.colcon_core.package_identification:_identify(venv/lib/python3.6/site-packages/pip/_internal/models/__pycache__) by extension 'ros'
[0.226s] Level 1:colcon.colcon_core.package_identification:_identify(venv/lib/python3.6/site-packages/pip/_internal/models/__pycache__) by extensions ['cmake', 'python']
[0.226s] Level 1:colcon.colcon_core.package_identification:_identify(venv/lib/python3.6/site-packages/pip/_internal/models/__pycache__) by extension 'cmake'
[0.226s] Level 1:colcon.colcon_core.package_identification:_identify(venv/lib/python3.6/site-packages/pip/_internal/models/__pycache__) by extension 'python'
[0.226s] Level 1:colcon.colcon_core.package_identification:_identify(venv/lib/python3.6/site-packages/pip/_internal/models/__pycache__) by extensions ['python_setup_py']
[0.226s] Level 1:colcon.colcon_core.package_identification:_identify(venv/lib/python3.6/site-packages/pip/_internal/models/__pycache__) by extension 'python_setup_py'
[0.226s] Level 1:colcon.colcon_core.package_identification:_identify(venv/lib/python3.6/site-packages/pip/_internal/network) by extensions ['ignore', 'ignore_ament_install']
[0.226s] Level 1:colcon.colcon_core.package_identification:_identify(venv/lib/python3.6/site-packages/pip/_internal/network) by extension 'ignore'
[0.226s] Level 1:colcon.colcon_core.package_identification:_identify(venv/lib/python3.6/site-packages/pip/_internal/network) by extension 'ignore_ament_install'
[0.226s] Level 1:colcon.colcon_core.package_identification:_identify(venv/lib/python3.6/site-packages/pip/_internal/network) by extensions ['colcon_pkg']
[0.226s] Level 1:colcon.colcon_core.package_identification:_identify(venv/lib/python3.6/site-packages/pip/_internal/network) by extension 'colcon_pkg'
[0.226s] Level 1:colcon.colcon_core.package_identification:_identify(venv/lib/python3.6/site-packages/pip/_internal/network) by extensions ['colcon_meta']
[0.226s] Level 1:colcon.colcon_core.package_identification:_identify(venv/lib/python3.6/site-packages/pip/_internal/network) by extension 'colcon_meta'
[0.226s] Level 1:colcon.colcon_core.package_identification:_identify(venv/lib/python3.6/site-packages/pip/_internal/network) by extensions ['ros']
[0.226s] Level 1:colcon.colcon_core.package_identification:_identify(venv/lib/python3.6/site-packages/pip/_internal/network) by extension 'ros'
[0.226s] Level 1:colcon.colcon_core.package_identification:_identify(venv/lib/python3.6/site-packages/pip/_internal/network) by extensions ['cmake', 'python']
[0.226s] Level 1:colcon.colcon_core.package_identification:_identify(venv/lib/python3.6/site-packages/pip/_internal/network) by extension 'cmake'
[0.226s] Level 1:colcon.colcon_core.package_identification:_identify(venv/lib/python3.6/site-packages/pip/_internal/network) by extension 'python'
[0.226s] Level 1:colcon.colcon_core.package_identification:_identify(venv/lib/python3.6/site-packages/pip/_internal/network) by extensions ['python_setup_py']
[0.226s] Level 1:colcon.colcon_core.package_identification:_identify(venv/lib/python3.6/site-packages/pip/_internal/network) by extension 'python_setup_py'
[0.226s] Level 1:colcon.colcon_core.package_identification:_identify(venv/lib/python3.6/site-packages/pip/_internal/network/__pycache__) by extensions ['ignore', 'ignore_ament_install']
[0.227s] Level 1:colcon.colcon_core.package_identification:_identify(venv/lib/python3.6/site-packages/pip/_internal/network/__pycache__) by extension 'ignore'
[0.227s] Level 1:colcon.colcon_core.package_identification:_identify(venv/lib/python3.6/site-packages/pip/_internal/network/__pycache__) by extension 'ignore_ament_install'
[0.227s] Level 1:colcon.colcon_core.package_identification:_identify(venv/lib/python3.6/site-packages/pip/_internal/network/__pycache__) by extensions ['colcon_pkg']
[0.227s] Level 1:colcon.colcon_core.package_identification:_identify(venv/lib/python3.6/site-packages/pip/_internal/network/__pycache__) by extension 'colcon_pkg'
[0.228s] Level 1:colcon.colcon_core.package_identification:_identify(venv/lib/python3.6/site-packages/pip/_internal/network/__pycache__) by extensions ['colcon_meta']
[0.228s] Level 1:colcon.colcon_core.package_identification:_identify(venv/lib/python3.6/site-packages/pip/_internal/network/__pycache__) by extension 'colcon_meta'
[0.228s] Level 1:colcon.colcon_core.package_identification:_identify(venv/lib/python3.6/site-packages/pip/_internal/network/__pycache__) by extensions ['ros']
[0.228s] Level 1:colcon.colcon_core.package_identification:_identify(venv/lib/python3.6/site-packages/pip/_internal/network/__pycache__) by extension 'ros'
[0.228s] Level 1:colcon.colcon_core.package_identification:_identify(venv/lib/python3.6/site-packages/pip/_internal/network/__pycache__) by extensions ['cmake', 'python']
[0.228s] Level 1:colcon.colcon_core.package_identification:_identify(venv/lib/python3.6/site-packages/pip/_internal/network/__pycache__) by extension 'cmake'
[0.228s] Level 1:colcon.colcon_core.package_identification:_identify(venv/lib/python3.6/site-packages/pip/_internal/network/__pycache__) by extension 'python'
[0.228s] Level 1:colcon.colcon_core.package_identification:_identify(venv/lib/python3.6/site-packages/pip/_internal/network/__pycache__) by extensions ['python_setup_py']
[0.228s] Level 1:colcon.colcon_core.package_identification:_identify(venv/lib/python3.6/site-packages/pip/_internal/network/__pycache__) by extension 'python_setup_py'
[0.228s] Level 1:colcon.colcon_core.package_identification:_identify(venv/lib/python3.6/site-packages/pip/_internal/utils) by extensions ['ignore', 'ignore_ament_install']
[0.228s] Level 1:colcon.colcon_core.package_identification:_identify(venv/lib/python3.6/site-packages/pip/_internal/utils) by extension 'ignore'
[0.228s] Level 1:colcon.colcon_core.package_identification:_identify(venv/lib/python3.6/site-packages/pip/_internal/utils) by extension 'ignore_ament_install'
[0.228s] Level 1:colcon.colcon_core.package_identification:_identify(venv/lib/python3.6/site-packages/pip/_internal/utils) by extensions ['colcon_pkg']
[0.228s] Level 1:colcon.colcon_core.package_identification:_identify(venv/lib/python3.6/site-packages/pip/_internal/utils) by extension 'colcon_pkg'
[0.228s] Level 1:colcon.colcon_core.package_identification:_identify(venv/lib/python3.6/site-packages/pip/_internal/utils) by extensions ['colcon_meta']
[0.228s] Level 1:colcon.colcon_core.package_identification:_identify(venv/lib/python3.6/site-packages/pip/_internal/utils) by extension 'colcon_meta'
[0.228s] Level 1:colcon.colcon_core.package_identification:_identify(venv/lib/python3.6/site-packages/pip/_internal/utils) by extensions ['ros']
[0.228s] Level 1:colcon.colcon_core.package_identification:_identify(venv/lib/python3.6/site-packages/pip/_internal/utils) by extension 'ros'
[0.228s] Level 1:colcon.colcon_core.package_identification:_identify(venv/lib/python3.6/site-packages/pip/_internal/utils) by extensions ['cmake', 'python']
[0.228s] Level 1:colcon.colcon_core.package_identification:_identify(venv/lib/python3.6/site-packages/pip/_internal/utils) by extension 'cmake'
[0.228s] Level 1:colcon.colcon_core.package_identification:_identify(venv/lib/python3.6/site-packages/pip/_internal/utils) by extension 'python'
[0.229s] Level 1:colcon.colcon_core.package_identification:_identify(venv/lib/python3.6/site-packages/pip/_internal/utils) by extensions ['python_setup_py']
[0.229s] Level 1:colcon.colcon_core.package_identification:_identify(venv/lib/python3.6/site-packages/pip/_internal/utils) by extension 'python_setup_py'
[0.229s] Level 1:colcon.colcon_core.package_identification:_identify(venv/lib/python3.6/site-packages/pkg_resources) by extensions ['ignore', 'ignore_ament_install']
[0.229s] Level 1:colcon.colcon_core.package_identification:_identify(venv/lib/python3.6/site-packages/pkg_resources) by extension 'ignore'
[0.229s] Level 1:colcon.colcon_core.package_identification:_identify(venv/lib/python3.6/site-packages/pkg_resources) by extension 'ignore_ament_install'
[0.229s] Level 1:colcon.colcon_core.package_identification:_identify(venv/lib/python3.6/site-packages/pkg_resources) by extensions ['colcon_pkg']
[0.229s] Level 1:colcon.colcon_core.package_identification:_identify(venv/lib/python3.6/site-packages/pkg_resources) by extension 'colcon_pkg'
[0.229s] Level 1:colcon.colcon_core.package_identification:_identify(venv/lib/python3.6/site-packages/pkg_resources) by extensions ['colcon_meta']
[0.229s] Level 1:colcon.colcon_core.package_identification:_identify(venv/lib/python3.6/site-packages/pkg_resources) by extension 'colcon_meta'
[0.229s] Level 1:colcon.colcon_core.package_identification:_identify(venv/lib/python3.6/site-packages/pkg_resources) by extensions ['ros']
[0.229s] Level 1:colcon.colcon_core.package_identification:_identify(venv/lib/python3.6/site-packages/pkg_resources) by extension 'ros'
[0.229s] Level 1:colcon.colcon_core.package_identification:_identify(venv/lib/python3.6/site-packages/pkg_resources) by extensions ['cmake', 'python']
[0.229s] Level 1:colcon.colcon_core.package_identification:_identify(venv/lib/python3.6/site-packages/pkg_resources) by extension 'cmake'
[0.229s] Level 1:colcon.colcon_core.package_identification:_identify(venv/lib/python3.6/site-packages/pkg_resources) by extension 'python'
[0.229s] Level 1:colcon.colcon_core.package_identification:_identify(venv/lib/python3.6/site-packages/pkg_resources) by extensions ['python_setup_py']
[0.229s] Level 1:colcon.colcon_core.package_identification:_identify(venv/lib/python3.6/site-packages/pkg_resources) by extension 'python_setup_py'
[0.229s] Level 1:colcon.colcon_core.package_identification:_identify(venv/lib/python3.6/site-packages/pkg_resources/__pycache__) by extensions ['ignore', 'ignore_ament_install']
[0.229s] Level 1:colcon.colcon_core.package_identification:_identify(venv/lib/python3.6/site-packages/pkg_resources/__pycache__) by extension 'ignore'
[0.229s] Level 1:colcon.colcon_core.package_identification:_identify(venv/lib/python3.6/site-packages/pkg_resources/__pycache__) by extension 'ignore_ament_install'
[0.230s] Level 1:colcon.colcon_core.package_identification:_identify(venv/lib/python3.6/site-packages/pkg_resources/__pycache__) by extensions ['colcon_pkg']
[0.230s] Level 1:colcon.colcon_core.package_identification:_identify(venv/lib/python3.6/site-packages/pkg_resources/__pycache__) by extension 'colcon_pkg'
[0.230s] Level 1:colcon.colcon_core.package_identification:_identify(venv/lib/python3.6/site-packages/pkg_resources/__pycache__) by extensions ['colcon_meta']
[0.230s] Level 1:colcon.colcon_core.package_identification:_identify(venv/lib/python3.6/site-packages/pkg_resources/__pycache__) by extension 'colcon_meta'
[0.230s] Level 1:colcon.colcon_core.package_identification:_identify(venv/lib/python3.6/site-packages/pkg_resources/__pycache__) by extensions ['ros']
[0.230s] Level 1:colcon.colcon_core.package_identification:_identify(venv/lib/python3.6/site-packages/pkg_resources/__pycache__) by extension 'ros'
[0.230s] Level 1:colcon.colcon_core.package_identification:_identify(venv/lib/python3.6/site-packages/pkg_resources/__pycache__) by extensions ['cmake', 'python']
[0.230s] Level 1:colcon.colcon_core.package_identification:_identify(venv/lib/python3.6/site-packages/pkg_resources/__pycache__) by extension 'cmake'
[0.230s] Level 1:colcon.colcon_core.package_identification:_identify(venv/lib/python3.6/site-packages/pkg_resources/__pycache__) by extension 'python'
[0.230s] Level 1:colcon.colcon_core.package_identification:_identify(venv/lib/python3.6/site-packages/pkg_resources/__pycache__) by extensions ['python_setup_py']
[0.230s] Level 1:colcon.colcon_core.package_identification:_identify(venv/lib/python3.6/site-packages/pkg_resources/__pycache__) by extension 'python_setup_py'
[0.230s] Level 1:colcon.colcon_core.package_identification:_identify(venv/lib/python3.6/site-packages/pkg_resources/_vendor) by extensions ['ignore', 'ignore_ament_install']
[0.230s] Level 1:colcon.colcon_core.package_identification:_identify(venv/lib/python3.6/site-packages/pkg_resources/_vendor) by extension 'ignore'
[0.230s] Level 1:colcon.colcon_core.package_identification:_identify(venv/lib/python3.6/site-packages/pkg_resources/_vendor) by extension 'ignore_ament_install'
[0.230s] Level 1:colcon.colcon_core.package_identification:_identify(venv/lib/python3.6/site-packages/pkg_resources/_vendor) by extensions ['colcon_pkg']
[0.230s] Level 1:colcon.colcon_core.package_identification:_identify(venv/lib/python3.6/site-packages/pkg_resources/_vendor) by extension 'colcon_pkg'
[0.230s] Level 1:colcon.colcon_core.package_identification:_identify(venv/lib/python3.6/site-packages/pkg_resources/_vendor) by extensions ['colcon_meta']
[0.230s] Level 1:colcon.colcon_core.package_identification:_identify(venv/lib/python3.6/site-packages/pkg_resources/_vendor) by extension 'colcon_meta'
[0.230s] Level 1:colcon.colcon_core.package_identification:_identify(venv/lib/python3.6/site-packages/pkg_resources/_vendor) by extensions ['ros']
[0.230s] Level 1:colcon.colcon_core.package_identification:_identify(venv/lib/python3.6/site-packages/pkg_resources/_vendor) by extension 'ros'
[0.230s] Level 1:colcon.colcon_core.package_identification:_identify(venv/lib/python3.6/site-packages/pkg_resources/_vendor) by extensions ['cmake', 'python']
[0.230s] Level 1:colcon.colcon_core.package_identification:_identify(venv/lib/python3.6/site-packages/pkg_resources/_vendor) by extension 'cmake'
[0.231s] Level 1:colcon.colcon_core.package_identification:_identify(venv/lib/python3.6/site-packages/pkg_resources/_vendor) by extension 'python'
[0.231s] Level 1:colcon.colcon_core.package_identification:_identify(venv/lib/python3.6/site-packages/pkg_resources/_vendor) by extensions ['python_setup_py']
[0.231s] Level 1:colcon.colcon_core.package_identification:_identify(venv/lib/python3.6/site-packages/pkg_resources/_vendor) by extension 'python_setup_py'
[0.231s] Level 1:colcon.colcon_core.package_identification:_identify(venv/lib/python3.6/site-packages/pkg_resources/_vendor/__pycache__) by extensions ['ignore', 'ignore_ament_install']
[0.231s] Level 1:colcon.colcon_core.package_identification:_identify(venv/lib/python3.6/site-packages/pkg_resources/_vendor/__pycache__) by extension 'ignore'
[0.231s] Level 1:colcon.colcon_core.package_identification:_identify(venv/lib/python3.6/site-packages/pkg_resources/_vendor/__pycache__) by extension 'ignore_ament_install'
[0.231s] Level 1:colcon.colcon_core.package_identification:_identify(venv/lib/python3.6/site-packages/pkg_resources/_vendor/__pycache__) by extensions ['colcon_pkg']
[0.231s] Level 1:colcon.colcon_core.package_identification:_identify(venv/lib/python3.6/site-packages/pkg_resources/_vendor/__pycache__) by extension 'colcon_pkg'
[0.231s] Level 1:colcon.colcon_core.package_identification:_identify(venv/lib/python3.6/site-packages/pkg_resources/_vendor/__pycache__) by extensions ['colcon_meta']
[0.231s] Level 1:colcon.colcon_core.package_identification:_identify(venv/lib/python3.6/site-packages/pkg_resources/_vendor/__pycache__) by extension 'colcon_meta'
[0.231s] Level 1:colcon.colcon_core.package_identification:_identify(venv/lib/python3.6/site-packages/pkg_resources/_vendor/__pycache__) by extensions ['ros']
[0.231s] Level 1:colcon.colcon_core.package_identification:_identify(venv/lib/python3.6/site-packages/pkg_resources/_vendor/__pycache__) by extension 'ros'
[0.231s] Level 1:colcon.colcon_core.package_identification:_identify(venv/lib/python3.6/site-packages/pkg_resources/_vendor/__pycache__) by extensions ['cmake', 'python']
[0.231s] Level 1:colcon.colcon_core.package_identification:_identify(venv/lib/python3.6/site-packages/pkg_resources/_vendor/__pycache__) by extension 'cmake'
[0.231s] Level 1:colcon.colcon_core.package_identification:_identify(venv/lib/python3.6/site-packages/pkg_resources/_vendor/__pycache__) by extension 'python'
[0.231s] Level 1:colcon.colcon_core.package_identification:_identify(venv/lib/python3.6/site-packages/pkg_resources/_vendor/__pycache__) by extensions ['python_setup_py']
[0.231s] Level 1:colcon.colcon_core.package_identification:_identify(venv/lib/python3.6/site-packages/pkg_resources/_vendor/__pycache__) by extension 'python_setup_py'
[0.231s] Level 1:colcon.colcon_core.package_identification:_identify(venv/lib/python3.6/site-packages/pkg_resources/_vendor/packaging) by extensions ['ignore', 'ignore_ament_install']
[0.231s] Level 1:colcon.colcon_core.package_identification:_identify(venv/lib/python3.6/site-packages/pkg_resources/_vendor/packaging) by extension 'ignore'
[0.232s] Level 1:colcon.colcon_core.package_identification:_identify(venv/lib/python3.6/site-packages/pkg_resources/_vendor/packaging) by extension 'ignore_ament_install'
[0.232s] Level 1:colcon.colcon_core.package_identification:_identify(venv/lib/python3.6/site-packages/pkg_resources/_vendor/packaging) by extensions ['colcon_pkg']
[0.232s] Level 1:colcon.colcon_core.package_identification:_identify(venv/lib/python3.6/site-packages/pkg_resources/_vendor/packaging) by extension 'colcon_pkg'
[0.232s] Level 1:colcon.colcon_core.package_identification:_identify(venv/lib/python3.6/site-packages/pkg_resources/_vendor/packaging) by extensions ['colcon_meta']
[0.232s] Level 1:colcon.colcon_core.package_identification:_identify(venv/lib/python3.6/site-packages/pkg_resources/_vendor/packaging) by extension 'colcon_meta'
[0.232s] Level 1:colcon.colcon_core.package_identification:_identify(venv/lib/python3.6/site-packages/pkg_resources/_vendor/packaging) by extensions ['ros']
[0.232s] Level 1:colcon.colcon_core.package_identification:_identify(venv/lib/python3.6/site-packages/pkg_resources/_vendor/packaging) by extension 'ros'
[0.232s] Level 1:colcon.colcon_core.package_identification:_identify(venv/lib/python3.6/site-packages/pkg_resources/_vendor/packaging) by extensions ['cmake', 'python']
[0.232s] Level 1:colcon.colcon_core.package_identification:_identify(venv/lib/python3.6/site-packages/pkg_resources/_vendor/packaging) by extension 'cmake'
[0.232s] Level 1:colcon.colcon_core.package_identification:_identify(venv/lib/python3.6/site-packages/pkg_resources/_vendor/packaging) by extension 'python'
[0.232s] Level 1:colcon.colcon_core.package_identification:_identify(venv/lib/python3.6/site-packages/pkg_resources/_vendor/packaging) by extensions ['python_setup_py']
[0.232s] Level 1:colcon.colcon_core.package_identification:_identify(venv/lib/python3.6/site-packages/pkg_resources/_vendor/packaging) by extension 'python_setup_py'
[0.232s] Level 1:colcon.colcon_core.package_identification:_identify(venv/lib/python3.6/site-packages/pkg_resources/_vendor/packaging/__pycache__) by extensions ['ignore', 'ignore_ament_install']
[0.232s] Level 1:colcon.colcon_core.package_identification:_identify(venv/lib/python3.6/site-packages/pkg_resources/_vendor/packaging/__pycache__) by extension 'ignore'
[0.232s] Level 1:colcon.colcon_core.package_identification:_identify(venv/lib/python3.6/site-packages/pkg_resources/_vendor/packaging/__pycache__) by extension 'ignore_ament_install'
[0.232s] Level 1:colcon.colcon_core.package_identification:_identify(venv/lib/python3.6/site-packages/pkg_resources/_vendor/packaging/__pycache__) by extensions ['colcon_pkg']
[0.232s] Level 1:colcon.colcon_core.package_identification:_identify(venv/lib/python3.6/site-packages/pkg_resources/_vendor/packaging/__pycache__) by extension 'colcon_pkg'
[0.232s] Level 1:colcon.colcon_core.package_identification:_identify(venv/lib/python3.6/site-packages/pkg_resources/_vendor/packaging/__pycache__) by extensions ['colcon_meta']
[0.232s] Level 1:colcon.colcon_core.package_identification:_identify(venv/lib/python3.6/site-packages/pkg_resources/_vendor/packaging/__pycache__) by extension 'colcon_meta'
[0.232s] Level 1:colcon.colcon_core.package_identification:_identify(venv/lib/python3.6/site-packages/pkg_resources/_vendor/packaging/__pycache__) by extensions ['ros']
[0.232s] Level 1:colcon.colcon_core.package_identification:_identify(venv/lib/python3.6/site-packages/pkg_resources/_vendor/packaging/__pycache__) by extension 'ros'
[0.233s] Level 1:colcon.colcon_core.package_identification:_identify(venv/lib/python3.6/site-packages/pkg_resources/_vendor/packaging/__pycache__) by extensions ['cmake', 'python']
[0.233s] Level 1:colcon.colcon_core.package_identification:_identify(venv/lib/python3.6/site-packages/pkg_resources/_vendor/packaging/__pycache__) by extension 'cmake'
[0.233s] Level 1:colcon.colcon_core.package_identification:_identify(venv/lib/python3.6/site-packages/pkg_resources/_vendor/packaging/__pycache__) by extension 'python'
[0.233s] Level 1:colcon.colcon_core.package_identification:_identify(venv/lib/python3.6/site-packages/pkg_resources/_vendor/packaging/__pycache__) by extensions ['python_setup_py']
[0.233s] Level 1:colcon.colcon_core.package_identification:_identify(venv/lib/python3.6/site-packages/pkg_resources/_vendor/packaging/__pycache__) by extension 'python_setup_py'
[0.233s] Level 1:colcon.colcon_core.package_identification:_identify(venv/lib/python3.6/site-packages/pkg_resources/extern) by extensions ['ignore', 'ignore_ament_install']
[0.233s] Level 1:colcon.colcon_core.package_identification:_identify(venv/lib/python3.6/site-packages/pkg_resources/extern) by extension 'ignore'
[0.233s] Level 1:colcon.colcon_core.package_identification:_identify(venv/lib/python3.6/site-packages/pkg_resources/extern) by extension 'ignore_ament_install'
[0.233s] Level 1:colcon.colcon_core.package_identification:_identify(venv/lib/python3.6/site-packages/pkg_resources/extern) by extensions ['colcon_pkg']
[0.233s] Level 1:colcon.colcon_core.package_identification:_identify(venv/lib/python3.6/site-packages/pkg_resources/extern) by extension 'colcon_pkg'
[0.233s] Level 1:colcon.colcon_core.package_identification:_identify(venv/lib/python3.6/site-packages/pkg_resources/extern) by extensions ['colcon_meta']
[0.233s] Level 1:colcon.colcon_core.package_identification:_identify(venv/lib/python3.6/site-packages/pkg_resources/extern) by extension 'colcon_meta'
[0.233s] Level 1:colcon.colcon_core.package_identification:_identify(venv/lib/python3.6/site-packages/pkg_resources/extern) by extensions ['ros']
[0.233s] Level 1:colcon.colcon_core.package_identification:_identify(venv/lib/python3.6/site-packages/pkg_resources/extern) by extension 'ros'
[0.233s] Level 1:colcon.colcon_core.package_identification:_identify(venv/lib/python3.6/site-packages/pkg_resources/extern) by extensions ['cmake', 'python']
[0.233s] Level 1:colcon.colcon_core.package_identification:_identify(venv/lib/python3.6/site-packages/pkg_resources/extern) by extension 'cmake'
[0.233s] Level 1:colcon.colcon_core.package_identification:_identify(venv/lib/python3.6/site-packages/pkg_resources/extern) by extension 'python'
[0.233s] Level 1:colcon.colcon_core.package_identification:_identify(venv/lib/python3.6/site-packages/pkg_resources/extern) by extensions ['python_setup_py']
[0.233s] Level 1:colcon.colcon_core.package_identification:_identify(venv/lib/python3.6/site-packages/pkg_resources/extern) by extension 'python_setup_py'
[0.234s] Level 1:colcon.colcon_core.package_identification:_identify(venv/lib/python3.6/site-packages/pkg_resources/extern/__pycache__) by extensions ['ignore', 'ignore_ament_install']
[0.234s] Level 1:colcon.colcon_core.package_identification:_identify(venv/lib/python3.6/site-packages/pkg_resources/extern/__pycache__) by extension 'ignore'
[0.234s] Level 1:colcon.colcon_core.package_identification:_identify(venv/lib/python3.6/site-packages/pkg_resources/extern/__pycache__) by extension 'ignore_ament_install'
[0.234s] Level 1:colcon.colcon_core.package_identification:_identify(venv/lib/python3.6/site-packages/pkg_resources/extern/__pycache__) by extensions ['colcon_pkg']
[0.234s] Level 1:colcon.colcon_core.package_identification:_identify(venv/lib/python3.6/site-packages/pkg_resources/extern/__pycache__) by extension 'colcon_pkg'
[0.234s] Level 1:colcon.colcon_core.package_identification:_identify(venv/lib/python3.6/site-packages/pkg_resources/extern/__pycache__) by extensions ['colcon_meta']
[0.234s] Level 1:colcon.colcon_core.package_identification:_identify(venv/lib/python3.6/site-packages/pkg_resources/extern/__pycache__) by extension 'colcon_meta'
[0.234s] Level 1:colcon.colcon_core.package_identification:_identify(venv/lib/python3.6/site-packages/pkg_resources/extern/__pycache__) by extensions ['ros']
[0.234s] Level 1:colcon.colcon_core.package_identification:_identify(venv/lib/python3.6/site-packages/pkg_resources/extern/__pycache__) by extension 'ros'
[0.234s] Level 1:colcon.colcon_core.package_identification:_identify(venv/lib/python3.6/site-packages/pkg_resources/extern/__pycache__) by extensions ['cmake', 'python']
[0.234s] Level 1:colcon.colcon_core.package_identification:_identify(venv/lib/python3.6/site-packages/pkg_resources/extern/__pycache__) by extension 'cmake'
[0.234s] Level 1:colcon.colcon_core.package_identification:_identify(venv/lib/python3.6/site-packages/pkg_resources/extern/__pycache__) by extension 'python'
[0.234s] Level 1:colcon.colcon_core.package_identification:_identify(venv/lib/python3.6/site-packages/pkg_resources/extern/__pycache__) by extensions ['python_setup_py']
[0.234s] Level 1:colcon.colcon_core.package_identification:_identify(venv/lib/python3.6/site-packages/pkg_resources/extern/__pycache__) by extension 'python_setup_py'
[0.234s] Level 1:colcon.colcon_core.package_identification:_identify(venv/lib/python3.6/site-packages/pkg_resources-0.0.0.dist-info) by extensions ['ignore', 'ignore_ament_install']
[0.234s] Level 1:colcon.colcon_core.package_identification:_identify(venv/lib/python3.6/site-packages/pkg_resources-0.0.0.dist-info) by extension 'ignore'
[0.234s] Level 1:colcon.colcon_core.package_identification:_identify(venv/lib/python3.6/site-packages/pkg_resources-0.0.0.dist-info) by extension 'ignore_ament_install'
[0.234s] Level 1:colcon.colcon_core.package_identification:_identify(venv/lib/python3.6/site-packages/pkg_resources-0.0.0.dist-info) by extensions ['colcon_pkg']
[0.234s] Level 1:colcon.colcon_core.package_identification:_identify(venv/lib/python3.6/site-packages/pkg_resources-0.0.0.dist-info) by extension 'colcon_pkg'
[0.234s] Level 1:colcon.colcon_core.package_identification:_identify(venv/lib/python3.6/site-packages/pkg_resources-0.0.0.dist-info) by extensions ['colcon_meta']
[0.234s] Level 1:colcon.colcon_core.package_identification:_identify(venv/lib/python3.6/site-packages/pkg_resources-0.0.0.dist-info) by extension 'colcon_meta'
[0.235s] Level 1:colcon.colcon_core.package_identification:_identify(venv/lib/python3.6/site-packages/pkg_resources-0.0.0.dist-info) by extensions ['ros']
[0.235s] Level 1:colcon.colcon_core.package_identification:_identify(venv/lib/python3.6/site-packages/pkg_resources-0.0.0.dist-info) by extension 'ros'
[0.235s] Level 1:colcon.colcon_core.package_identification:_identify(venv/lib/python3.6/site-packages/pkg_resources-0.0.0.dist-info) by extensions ['cmake', 'python']
[0.235s] Level 1:colcon.colcon_core.package_identification:_identify(venv/lib/python3.6/site-packages/pkg_resources-0.0.0.dist-info) by extension 'cmake'
[0.235s] Level 1:colcon.colcon_core.package_identification:_identify(venv/lib/python3.6/site-packages/pkg_resources-0.0.0.dist-info) by extension 'python'
[0.235s] Level 1:colcon.colcon_core.package_identification:_identify(venv/lib/python3.6/site-packages/pkg_resources-0.0.0.dist-info) by extensions ['python_setup_py']
[0.235s] Level 1:colcon.colcon_core.package_identification:_identify(venv/lib/python3.6/site-packages/pkg_resources-0.0.0.dist-info) by extension 'python_setup_py'
[0.235s] Level 1:colcon.colcon_core.package_identification:_identify(venv/lib/python3.6/site-packages/setuptools) by extensions ['ignore', 'ignore_ament_install']
[0.235s] Level 1:colcon.colcon_core.package_identification:_identify(venv/lib/python3.6/site-packages/setuptools) by extension 'ignore'
[0.235s] Level 1:colcon.colcon_core.package_identification:_identify(venv/lib/python3.6/site-packages/setuptools) by extension 'ignore_ament_install'
[0.235s] Level 1:colcon.colcon_core.package_identification:_identify(venv/lib/python3.6/site-packages/setuptools) by extensions ['colcon_pkg']
[0.235s] Level 1:colcon.colcon_core.package_identification:_identify(venv/lib/python3.6/site-packages/setuptools) by extension 'colcon_pkg'
[0.235s] Level 1:colcon.colcon_core.package_identification:_identify(venv/lib/python3.6/site-packages/setuptools) by extensions ['colcon_meta']
[0.235s] Level 1:colcon.colcon_core.package_identification:_identify(venv/lib/python3.6/site-packages/setuptools) by extension 'colcon_meta'
[0.235s] Level 1:colcon.colcon_core.package_identification:_identify(venv/lib/python3.6/site-packages/setuptools) by extensions ['ros']
[0.235s] Level 1:colcon.colcon_core.package_identification:_identify(venv/lib/python3.6/site-packages/setuptools) by extension 'ros'
[0.235s] Level 1:colcon.colcon_core.package_identification:_identify(venv/lib/python3.6/site-packages/setuptools) by extensions ['cmake', 'python']
[0.235s] Level 1:colcon.colcon_core.package_identification:_identify(venv/lib/python3.6/site-packages/setuptools) by extension 'cmake'
[0.235s] Level 1:colcon.colcon_core.package_identification:_identify(venv/lib/python3.6/site-packages/setuptools) by extension 'python'
[0.235s] Level 1:colcon.colcon_core.package_identification:_identify(venv/lib/python3.6/site-packages/setuptools) by extensions ['python_setup_py']
[0.235s] Level 1:colcon.colcon_core.package_identification:_identify(venv/lib/python3.6/site-packages/setuptools) by extension 'python_setup_py'
[0.236s] Level 1:colcon.colcon_core.package_identification:_identify(venv/lib/python3.6/site-packages/setuptools/__pycache__) by extensions ['ignore', 'ignore_ament_install']
[0.236s] Level 1:colcon.colcon_core.package_identification:_identify(venv/lib/python3.6/site-packages/setuptools/__pycache__) by extension 'ignore'
[0.236s] Level 1:colcon.colcon_core.package_identification:_identify(venv/lib/python3.6/site-packages/setuptools/__pycache__) by extension 'ignore_ament_install'
[0.236s] Level 1:colcon.colcon_core.package_identification:_identify(venv/lib/python3.6/site-packages/setuptools/__pycache__) by extensions ['colcon_pkg']
[0.236s] Level 1:colcon.colcon_core.package_identification:_identify(venv/lib/python3.6/site-packages/setuptools/__pycache__) by extension 'colcon_pkg'
[0.236s] Level 1:colcon.colcon_core.package_identification:_identify(venv/lib/python3.6/site-packages/setuptools/__pycache__) by extensions ['colcon_meta']
[0.236s] Level 1:colcon.colcon_core.package_identification:_identify(venv/lib/python3.6/site-packages/setuptools/__pycache__) by extension 'colcon_meta'
[0.236s] Level 1:colcon.colcon_core.package_identification:_identify(venv/lib/python3.6/site-packages/setuptools/__pycache__) by extensions ['ros']
[0.236s] Level 1:colcon.colcon_core.package_identification:_identify(venv/lib/python3.6/site-packages/setuptools/__pycache__) by extension 'ros'
[0.236s] Level 1:colcon.colcon_core.package_identification:_identify(venv/lib/python3.6/site-packages/setuptools/__pycache__) by extensions ['cmake', 'python']
[0.236s] Level 1:colcon.colcon_core.package_identification:_identify(venv/lib/python3.6/site-packages/setuptools/__pycache__) by extension 'cmake'
[0.236s] Level 1:colcon.colcon_core.package_identification:_identify(venv/lib/python3.6/site-packages/setuptools/__pycache__) by extension 'python'
[0.236s] Level 1:colcon.colcon_core.package_identification:_identify(venv/lib/python3.6/site-packages/setuptools/__pycache__) by extensions ['python_setup_py']
[0.236s] Level 1:colcon.colcon_core.package_identification:_identify(venv/lib/python3.6/site-packages/setuptools/__pycache__) by extension 'python_setup_py'
[0.236s] Level 1:colcon.colcon_core.package_identification:_identify(venv/lib/python3.6/site-packages/setuptools/_vendor) by extensions ['ignore', 'ignore_ament_install']
[0.236s] Level 1:colcon.colcon_core.package_identification:_identify(venv/lib/python3.6/site-packages/setuptools/_vendor) by extension 'ignore'
[0.236s] Level 1:colcon.colcon_core.package_identification:_identify(venv/lib/python3.6/site-packages/setuptools/_vendor) by extension 'ignore_ament_install'
[0.236s] Level 1:colcon.colcon_core.package_identification:_identify(venv/lib/python3.6/site-packages/setuptools/_vendor) by extensions ['colcon_pkg']
[0.236s] Level 1:colcon.colcon_core.package_identification:_identify(venv/lib/python3.6/site-packages/setuptools/_vendor) by extension 'colcon_pkg'
[0.237s] Level 1:colcon.colcon_core.package_identification:_identify(venv/lib/python3.6/site-packages/setuptools/_vendor) by extensions ['colcon_meta']
[0.237s] Level 1:colcon.colcon_core.package_identification:_identify(venv/lib/python3.6/site-packages/setuptools/_vendor) by extension 'colcon_meta'
[0.237s] Level 1:colcon.colcon_core.package_identification:_identify(venv/lib/python3.6/site-packages/setuptools/_vendor) by extensions ['ros']
[0.237s] Level 1:colcon.colcon_core.package_identification:_identify(venv/lib/python3.6/site-packages/setuptools/_vendor) by extension 'ros'
[0.237s] Level 1:colcon.colcon_core.package_identification:_identify(venv/lib/python3.6/site-packages/setuptools/_vendor) by extensions ['cmake', 'python']
[0.237s] Level 1:colcon.colcon_core.package_identification:_identify(venv/lib/python3.6/site-packages/setuptools/_vendor) by extension 'cmake'
[0.237s] Level 1:colcon.colcon_core.package_identification:_identify(venv/lib/python3.6/site-packages/setuptools/_vendor) by extension 'python'
[0.237s] Level 1:colcon.colcon_core.package_identification:_identify(venv/lib/python3.6/site-packages/setuptools/_vendor) by extensions ['python_setup_py']
[0.237s] Level 1:colcon.colcon_core.package_identification:_identify(venv/lib/python3.6/site-packages/setuptools/_vendor) by extension 'python_setup_py'
[0.237s] Level 1:colcon.colcon_core.package_identification:_identify(venv/lib/python3.6/site-packages/setuptools/_vendor/__pycache__) by extensions ['ignore', 'ignore_ament_install']
[0.237s] Level 1:colcon.colcon_core.package_identification:_identify(venv/lib/python3.6/site-packages/setuptools/_vendor/__pycache__) by extension 'ignore'
[0.237s] Level 1:colcon.colcon_core.package_identification:_identify(venv/lib/python3.6/site-packages/setuptools/_vendor/__pycache__) by extension 'ignore_ament_install'
[0.237s] Level 1:colcon.colcon_core.package_identification:_identify(venv/lib/python3.6/site-packages/setuptools/_vendor/__pycache__) by extensions ['colcon_pkg']
[0.237s] Level 1:colcon.colcon_core.package_identification:_identify(venv/lib/python3.6/site-packages/setuptools/_vendor/__pycache__) by extension 'colcon_pkg'
[0.237s] Level 1:colcon.colcon_core.package_identification:_identify(venv/lib/python3.6/site-packages/setuptools/_vendor/__pycache__) by extensions ['colcon_meta']
[0.237s] Level 1:colcon.colcon_core.package_identification:_identify(venv/lib/python3.6/site-packages/setuptools/_vendor/__pycache__) by extension 'colcon_meta'
[0.237s] Level 1:colcon.colcon_core.package_identification:_identify(venv/lib/python3.6/site-packages/setuptools/_vendor/__pycache__) by extensions ['ros']
[0.237s] Level 1:colcon.colcon_core.package_identification:_identify(venv/lib/python3.6/site-packages/setuptools/_vendor/__pycache__) by extension 'ros'
[0.237s] Level 1:colcon.colcon_core.package_identification:_identify(venv/lib/python3.6/site-packages/setuptools/_vendor/__pycache__) by extensions ['cmake', 'python']
[0.237s] Level 1:colcon.colcon_core.package_identification:_identify(venv/lib/python3.6/site-packages/setuptools/_vendor/__pycache__) by extension 'cmake'
[0.237s] Level 1:colcon.colcon_core.package_identification:_identify(venv/lib/python3.6/site-packages/setuptools/_vendor/__pycache__) by extension 'python'
[0.237s] Level 1:colcon.colcon_core.package_identification:_identify(venv/lib/python3.6/site-packages/setuptools/_vendor/__pycache__) by extensions ['python_setup_py']
[0.238s] Level 1:colcon.colcon_core.package_identification:_identify(venv/lib/python3.6/site-packages/setuptools/_vendor/__pycache__) by extension 'python_setup_py'
[0.238s] Level 1:colcon.colcon_core.package_identification:_identify(venv/lib/python3.6/site-packages/setuptools/_vendor/packaging) by extensions ['ignore', 'ignore_ament_install']
[0.238s] Level 1:colcon.colcon_core.package_identification:_identify(venv/lib/python3.6/site-packages/setuptools/_vendor/packaging) by extension 'ignore'
[0.238s] Level 1:colcon.colcon_core.package_identification:_identify(venv/lib/python3.6/site-packages/setuptools/_vendor/packaging) by extension 'ignore_ament_install'
[0.238s] Level 1:colcon.colcon_core.package_identification:_identify(venv/lib/python3.6/site-packages/setuptools/_vendor/packaging) by extensions ['colcon_pkg']
[0.238s] Level 1:colcon.colcon_core.package_identification:_identify(venv/lib/python3.6/site-packages/setuptools/_vendor/packaging) by extension 'colcon_pkg'
[0.238s] Level 1:colcon.colcon_core.package_identification:_identify(venv/lib/python3.6/site-packages/setuptools/_vendor/packaging) by extensions ['colcon_meta']
[0.238s] Level 1:colcon.colcon_core.package_identification:_identify(venv/lib/python3.6/site-packages/setuptools/_vendor/packaging) by extension 'colcon_meta'
[0.238s] Level 1:colcon.colcon_core.package_identification:_identify(venv/lib/python3.6/site-packages/setuptools/_vendor/packaging) by extensions ['ros']
[0.238s] Level 1:colcon.colcon_core.package_identification:_identify(venv/lib/python3.6/site-packages/setuptools/_vendor/packaging) by extension 'ros'
[0.238s] Level 1:colcon.colcon_core.package_identification:_identify(venv/lib/python3.6/site-packages/setuptools/_vendor/packaging) by extensions ['cmake', 'python']
[0.238s] Level 1:colcon.colcon_core.package_identification:_identify(venv/lib/python3.6/site-packages/setuptools/_vendor/packaging) by extension 'cmake'
[0.238s] Level 1:colcon.colcon_core.package_identification:_identify(venv/lib/python3.6/site-packages/setuptools/_vendor/packaging) by extension 'python'
[0.238s] Level 1:colcon.colcon_core.package_identification:_identify(venv/lib/python3.6/site-packages/setuptools/_vendor/packaging) by extensions ['python_setup_py']
[0.238s] Level 1:colcon.colcon_core.package_identification:_identify(venv/lib/python3.6/site-packages/setuptools/_vendor/packaging) by extension 'python_setup_py'
[0.238s] Level 1:colcon.colcon_core.package_identification:_identify(venv/lib/python3.6/site-packages/setuptools/_vendor/packaging/__pycache__) by extensions ['ignore', 'ignore_ament_install']
[0.238s] Level 1:colcon.colcon_core.package_identification:_identify(venv/lib/python3.6/site-packages/setuptools/_vendor/packaging/__pycache__) by extension 'ignore'
[0.238s] Level 1:colcon.colcon_core.package_identification:_identify(venv/lib/python3.6/site-packages/setuptools/_vendor/packaging/__pycache__) by extension 'ignore_ament_install'
[0.239s] Level 1:colcon.colcon_core.package_identification:_identify(venv/lib/python3.6/site-packages/setuptools/_vendor/packaging/__pycache__) by extensions ['colcon_pkg']
[0.239s] Level 1:colcon.colcon_core.package_identification:_identify(venv/lib/python3.6/site-packages/setuptools/_vendor/packaging/__pycache__) by extension 'colcon_pkg'
[0.239s] Level 1:colcon.colcon_core.package_identification:_identify(venv/lib/python3.6/site-packages/setuptools/_vendor/packaging/__pycache__) by extensions ['colcon_meta']
[0.239s] Level 1:colcon.colcon_core.package_identification:_identify(venv/lib/python3.6/site-packages/setuptools/_vendor/packaging/__pycache__) by extension 'colcon_meta'
[0.239s] Level 1:colcon.colcon_core.package_identification:_identify(venv/lib/python3.6/site-packages/setuptools/_vendor/packaging/__pycache__) by extensions ['ros']
[0.239s] Level 1:colcon.colcon_core.package_identification:_identify(venv/lib/python3.6/site-packages/setuptools/_vendor/packaging/__pycache__) by extension 'ros'
[0.239s] Level 1:colcon.colcon_core.package_identification:_identify(venv/lib/python3.6/site-packages/setuptools/_vendor/packaging/__pycache__) by extensions ['cmake', 'python']
[0.239s] Level 1:colcon.colcon_core.package_identification:_identify(venv/lib/python3.6/site-packages/setuptools/_vendor/packaging/__pycache__) by extension 'cmake'
[0.239s] Level 1:colcon.colcon_core.package_identification:_identify(venv/lib/python3.6/site-packages/setuptools/_vendor/packaging/__pycache__) by extension 'python'
[0.239s] Level 1:colcon.colcon_core.package_identification:_identify(venv/lib/python3.6/site-packages/setuptools/_vendor/packaging/__pycache__) by extensions ['python_setup_py']
[0.239s] Level 1:colcon.colcon_core.package_identification:_identify(venv/lib/python3.6/site-packages/setuptools/_vendor/packaging/__pycache__) by extension 'python_setup_py'
[0.239s] Level 1:colcon.colcon_core.package_identification:_identify(venv/lib/python3.6/site-packages/setuptools/command) by extensions ['ignore', 'ignore_ament_install']
[0.239s] Level 1:colcon.colcon_core.package_identification:_identify(venv/lib/python3.6/site-packages/setuptools/command) by extension 'ignore'
[0.239s] Level 1:colcon.colcon_core.package_identification:_identify(venv/lib/python3.6/site-packages/setuptools/command) by extension 'ignore_ament_install'
[0.239s] Level 1:colcon.colcon_core.package_identification:_identify(venv/lib/python3.6/site-packages/setuptools/command) by extensions ['colcon_pkg']
[0.239s] Level 1:colcon.colcon_core.package_identification:_identify(venv/lib/python3.6/site-packages/setuptools/command) by extension 'colcon_pkg'
[0.239s] Level 1:colcon.colcon_core.package_identification:_identify(venv/lib/python3.6/site-packages/setuptools/command) by extensions ['colcon_meta']
[0.239s] Level 1:colcon.colcon_core.package_identification:_identify(venv/lib/python3.6/site-packages/setuptools/command) by extension 'colcon_meta'
[0.239s] Level 1:colcon.colcon_core.package_identification:_identify(venv/lib/python3.6/site-packages/setuptools/command) by extensions ['ros']
[0.239s] Level 1:colcon.colcon_core.package_identification:_identify(venv/lib/python3.6/site-packages/setuptools/command) by extension 'ros'
[0.239s] Level 1:colcon.colcon_core.package_identification:_identify(venv/lib/python3.6/site-packages/setuptools/command) by extensions ['cmake', 'python']
[0.239s] Level 1:colcon.colcon_core.package_identification:_identify(venv/lib/python3.6/site-packages/setuptools/command) by extension 'cmake'
[0.240s] Level 1:colcon.colcon_core.package_identification:_identify(venv/lib/python3.6/site-packages/setuptools/command) by extension 'python'
[0.240s] Level 1:colcon.colcon_core.package_identification:_identify(venv/lib/python3.6/site-packages/setuptools/command) by extensions ['python_setup_py']
[0.240s] Level 1:colcon.colcon_core.package_identification:_identify(venv/lib/python3.6/site-packages/setuptools/command) by extension 'python_setup_py'
[0.240s] Level 1:colcon.colcon_core.package_identification:_identify(venv/lib/python3.6/site-packages/setuptools/command/__pycache__) by extensions ['ignore', 'ignore_ament_install']
[0.240s] Level 1:colcon.colcon_core.package_identification:_identify(venv/lib/python3.6/site-packages/setuptools/command/__pycache__) by extension 'ignore'
[0.240s] Level 1:colcon.colcon_core.package_identification:_identify(venv/lib/python3.6/site-packages/setuptools/command/__pycache__) by extension 'ignore_ament_install'
[0.240s] Level 1:colcon.colcon_core.package_identification:_identify(venv/lib/python3.6/site-packages/setuptools/command/__pycache__) by extensions ['colcon_pkg']
[0.240s] Level 1:colcon.colcon_core.package_identification:_identify(venv/lib/python3.6/site-packages/setuptools/command/__pycache__) by extension 'colcon_pkg'
[0.240s] Level 1:colcon.colcon_core.package_identification:_identify(venv/lib/python3.6/site-packages/setuptools/command/__pycache__) by extensions ['colcon_meta']
[0.240s] Level 1:colcon.colcon_core.package_identification:_identify(venv/lib/python3.6/site-packages/setuptools/command/__pycache__) by extension 'colcon_meta'
[0.240s] Level 1:colcon.colcon_core.package_identification:_identify(venv/lib/python3.6/site-packages/setuptools/command/__pycache__) by extensions ['ros']
[0.240s] Level 1:colcon.colcon_core.package_identification:_identify(venv/lib/python3.6/site-packages/setuptools/command/__pycache__) by extension 'ros'
[0.240s] Level 1:colcon.colcon_core.package_identification:_identify(venv/lib/python3.6/site-packages/setuptools/command/__pycache__) by extensions ['cmake', 'python']
[0.240s] Level 1:colcon.colcon_core.package_identification:_identify(venv/lib/python3.6/site-packages/setuptools/command/__pycache__) by extension 'cmake'
[0.240s] Level 1:colcon.colcon_core.package_identification:_identify(venv/lib/python3.6/site-packages/setuptools/command/__pycache__) by extension 'python'
[0.240s] Level 1:colcon.colcon_core.package_identification:_identify(venv/lib/python3.6/site-packages/setuptools/command/__pycache__) by extensions ['python_setup_py']
[0.240s] Level 1:colcon.colcon_core.package_identification:_identify(venv/lib/python3.6/site-packages/setuptools/command/__pycache__) by extension 'python_setup_py'
[0.240s] Level 1:colcon.colcon_core.package_identification:_identify(venv/lib/python3.6/site-packages/setuptools/extern) by extensions ['ignore', 'ignore_ament_install']
[0.240s] Level 1:colcon.colcon_core.package_identification:_identify(venv/lib/python3.6/site-packages/setuptools/extern) by extension 'ignore'
[0.241s] Level 1:colcon.colcon_core.package_identification:_identify(venv/lib/python3.6/site-packages/setuptools/extern) by extension 'ignore_ament_install'
[0.241s] Level 1:colcon.colcon_core.package_identification:_identify(venv/lib/python3.6/site-packages/setuptools/extern) by extensions ['colcon_pkg']
[0.241s] Level 1:colcon.colcon_core.package_identification:_identify(venv/lib/python3.6/site-packages/setuptools/extern) by extension 'colcon_pkg'
[0.241s] Level 1:colcon.colcon_core.package_identification:_identify(venv/lib/python3.6/site-packages/setuptools/extern) by extensions ['colcon_meta']
[0.241s] Level 1:colcon.colcon_core.package_identification:_identify(venv/lib/python3.6/site-packages/setuptools/extern) by extension 'colcon_meta'
[0.241s] Level 1:colcon.colcon_core.package_identification:_identify(venv/lib/python3.6/site-packages/setuptools/extern) by extensions ['ros']
[0.241s] Level 1:colcon.colcon_core.package_identification:_identify(venv/lib/python3.6/site-packages/setuptools/extern) by extension 'ros'
[0.241s] Level 1:colcon.colcon_core.package_identification:_identify(venv/lib/python3.6/site-packages/setuptools/extern) by extensions ['cmake', 'python']
[0.241s] Level 1:colcon.colcon_core.package_identification:_identify(venv/lib/python3.6/site-packages/setuptools/extern) by extension 'cmake'
[0.241s] Level 1:colcon.colcon_core.package_identification:_identify(venv/lib/python3.6/site-packages/setuptools/extern) by extension 'python'
[0.241s] Level 1:colcon.colcon_core.package_identification:_identify(venv/lib/python3.6/site-packages/setuptools/extern) by extensions ['python_setup_py']
[0.241s] Level 1:colcon.colcon_core.package_identification:_identify(venv/lib/python3.6/site-packages/setuptools/extern) by extension 'python_setup_py'
[0.241s] Level 1:colcon.colcon_core.package_identification:_identify(venv/lib/python3.6/site-packages/setuptools/extern/__pycache__) by extensions ['ignore', 'ignore_ament_install']
[0.241s] Level 1:colcon.colcon_core.package_identification:_identify(venv/lib/python3.6/site-packages/setuptools/extern/__pycache__) by extension 'ignore'
[0.241s] Level 1:colcon.colcon_core.package_identification:_identify(venv/lib/python3.6/site-packages/setuptools/extern/__pycache__) by extension 'ignore_ament_install'
[0.241s] Level 1:colcon.colcon_core.package_identification:_identify(venv/lib/python3.6/site-packages/setuptools/extern/__pycache__) by extensions ['colcon_pkg']
[0.241s] Level 1:colcon.colcon_core.package_identification:_identify(venv/lib/python3.6/site-packages/setuptools/extern/__pycache__) by extension 'colcon_pkg'
[0.241s] Level 1:colcon.colcon_core.package_identification:_identify(venv/lib/python3.6/site-packages/setuptools/extern/__pycache__) by extensions ['colcon_meta']
[0.241s] Level 1:colcon.colcon_core.package_identification:_identify(venv/lib/python3.6/site-packages/setuptools/extern/__pycache__) by extension 'colcon_meta'
[0.241s] Level 1:colcon.colcon_core.package_identification:_identify(venv/lib/python3.6/site-packages/setuptools/extern/__pycache__) by extensions ['ros']
[0.241s] Level 1:colcon.colcon_core.package_identification:_identify(venv/lib/python3.6/site-packages/setuptools/extern/__pycache__) by extension 'ros'
[0.242s] Level 1:colcon.colcon_core.package_identification:_identify(venv/lib/python3.6/site-packages/setuptools/extern/__pycache__) by extensions ['cmake', 'python']
[0.242s] Level 1:colcon.colcon_core.package_identification:_identify(venv/lib/python3.6/site-packages/setuptools/extern/__pycache__) by extension 'cmake'
[0.242s] Level 1:colcon.colcon_core.package_identification:_identify(venv/lib/python3.6/site-packages/setuptools/extern/__pycache__) by extension 'python'
[0.242s] Level 1:colcon.colcon_core.package_identification:_identify(venv/lib/python3.6/site-packages/setuptools/extern/__pycache__) by extensions ['python_setup_py']
[0.242s] Level 1:colcon.colcon_core.package_identification:_identify(venv/lib/python3.6/site-packages/setuptools/extern/__pycache__) by extension 'python_setup_py'
[0.242s] Level 1:colcon.colcon_core.package_identification:_identify(venv/lib/python3.6/site-packages/setuptools-46.1.3.dist-info) by extensions ['ignore', 'ignore_ament_install']
[0.242s] Level 1:colcon.colcon_core.package_identification:_identify(venv/lib/python3.6/site-packages/setuptools-46.1.3.dist-info) by extension 'ignore'
[0.242s] Level 1:colcon.colcon_core.package_identification:_identify(venv/lib/python3.6/site-packages/setuptools-46.1.3.dist-info) by extension 'ignore_ament_install'
[0.242s] Level 1:colcon.colcon_core.package_identification:_identify(venv/lib/python3.6/site-packages/setuptools-46.1.3.dist-info) by extensions ['colcon_pkg']
[0.242s] Level 1:colcon.colcon_core.package_identification:_identify(venv/lib/python3.6/site-packages/setuptools-46.1.3.dist-info) by extension 'colcon_pkg'
[0.242s] Level 1:colcon.colcon_core.package_identification:_identify(venv/lib/python3.6/site-packages/setuptools-46.1.3.dist-info) by extensions ['colcon_meta']
[0.242s] Level 1:colcon.colcon_core.package_identification:_identify(venv/lib/python3.6/site-packages/setuptools-46.1.3.dist-info) by extension 'colcon_meta'
[0.242s] Level 1:colcon.colcon_core.package_identification:_identify(venv/lib/python3.6/site-packages/setuptools-46.1.3.dist-info) by extensions ['ros']
[0.242s] Level 1:colcon.colcon_core.package_identification:_identify(venv/lib/python3.6/site-packages/setuptools-46.1.3.dist-info) by extension 'ros'
[0.242s] Level 1:colcon.colcon_core.package_identification:_identify(venv/lib/python3.6/site-packages/setuptools-46.1.3.dist-info) by extensions ['cmake', 'python']
[0.242s] Level 1:colcon.colcon_core.package_identification:_identify(venv/lib/python3.6/site-packages/setuptools-46.1.3.dist-info) by extension 'cmake'
[0.242s] Level 1:colcon.colcon_core.package_identification:_identify(venv/lib/python3.6/site-packages/setuptools-46.1.3.dist-info) by extension 'python'
[0.242s] Level 1:colcon.colcon_core.package_identification:_identify(venv/lib/python3.6/site-packages/setuptools-46.1.3.dist-info) by extensions ['python_setup_py']
[0.242s] Level 1:colcon.colcon_core.package_identification:_identify(venv/lib/python3.6/site-packages/setuptools-46.1.3.dist-info) by extension 'python_setup_py'
[0.242s] Level 1:colcon.colcon_core.package_discovery:discover_packages(recursive) using defaults
[0.243s] Level 1:colcon.colcon_core.package_discovery:discover_packages(ignore) discover
[0.243s] Level 1:colcon.colcon_core.package_discovery:discover_packages(ignore) using defaults
[0.243s] Level 1:colcon.colcon_core.package_discovery:discover_packages(path) discover
[0.243s] Level 1:colcon.colcon_core.package_discovery:discover_packages(path) using defaults
[0.245s] INFO:colcon.colcon_core.package_selection:Skipping not selected package 'cv_bridge' in 'src/vision_opencv/cv_bridge'
[0.246s] INFO:colcon.colcon_core.package_selection:Skipping not selected package 'image_geometry' in 'src/vision_opencv/image_geometry'
[0.246s] INFO:colcon.colcon_core.package_selection:Skipping not selected package 'imgpub_pkg' in 'src/imgpub_pkg'
[0.246s] INFO:colcon.colcon_core.package_selection:Skipping not selected package 'opencv_tests' in 'src/vision_opencv/opencv_tests'
[0.246s] INFO:colcon.colcon_core.package_selection:Skipping not selected package 'vision_opencv' in 'src/vision_opencv/vision_opencv'
[0.248s] Level 5:colcon.colcon_core.verb:set package 'detectreon_densepose' build argument 'cmake_args' from command line to 'None'
[0.248s] Level 5:colcon.colcon_core.verb:set package 'detectreon_densepose' build argument 'cmake_target' from command line to 'None'
[0.248s] Level 5:colcon.colcon_core.verb:set package 'detectreon_densepose' build argument 'cmake_target_skip_unavailable' from command line to 'False'
[0.248s] Level 5:colcon.colcon_core.verb:set package 'detectreon_densepose' build argument 'cmake_clean_cache' from command line to 'False'
[0.248s] Level 5:colcon.colcon_core.verb:set package 'detectreon_densepose' build argument 'cmake_clean_first' from command line to 'False'
[0.248s] Level 5:colcon.colcon_core.verb:set package 'detectreon_densepose' build argument 'cmake_force_configure' from command line to 'False'
[0.248s] Level 5:colcon.colcon_core.verb:set package 'detectreon_densepose' build argument 'ament_cmake_args' from command line to 'None'
[0.248s] Level 5:colcon.colcon_core.verb:set package 'detectreon_densepose' build argument 'catkin_cmake_args' from command line to 'None'
[0.249s] Level 5:colcon.colcon_core.verb:set package 'detectreon_densepose' build argument 'catkin_skip_building_tests' from command line to 'False'
[0.249s] DEBUG:colcon.colcon_core.verb:Building package 'detectreon_densepose' with the following arguments: {'ament_cmake_args': None, 'build_base': '/home/ubuntu/dev_ros2_ws/build/detectreon_densepose', 'catkin_cmake_args': None, 'catkin_skip_building_tests': False, 'cmake_args': None, 'cmake_clean_cache': False, 'cmake_clean_first': False, 'cmake_force_configure': False, 'cmake_target': None, 'cmake_target_skip_unavailable': False, 'install_base': '/home/ubuntu/dev_ros2_ws/install/detectreon_densepose', 'merge_install': False, 'path': '/home/ubuntu/dev_ros2_ws/src/detectreon_densepose', 'symlink_install': False, 'test_result_base': None}
[0.249s] INFO:colcon.colcon_core.executor:Executing jobs using 'parallel' executor
[0.251s] DEBUG:colcon.colcon_parallel_executor.executor.parallel:run_until_complete
[0.251s] INFO:colcon.colcon_ros.task.ament_python.build:Building ROS package in '/home/ubuntu/dev_ros2_ws/src/detectreon_densepose' with build type 'ament_python'
[0.260s] Level 1:colcon.colcon_core.shell:create_environment_hook('detectreon_densepose', 'ament_prefix_path')
[0.263s] INFO:colcon.colcon_core.plugin_system:Skipping extension 'colcon_core.shell.bat': Not used on non-Windows systems
[0.263s] INFO:colcon.colcon_core.shell:Creating environment hook '/home/ubuntu/dev_ros2_ws/install/detectreon_densepose/share/detectreon_densepose/hook/ament_prefix_path.ps1'
[0.264s] INFO:colcon.colcon_core.shell:Creating environment descriptor '/home/ubuntu/dev_ros2_ws/install/detectreon_densepose/share/detectreon_densepose/hook/ament_prefix_path.dsv'
[0.264s] INFO:colcon.colcon_core.shell:Creating environment hook '/home/ubuntu/dev_ros2_ws/install/detectreon_densepose/share/detectreon_densepose/hook/ament_prefix_path.sh'
[0.266s] INFO:colcon.colcon_core.shell:Skip shell extension 'powershell' for command environment: Not usable outside of PowerShell
[0.266s] DEBUG:colcon.colcon_core.shell:Skip shell extension 'dsv' for command environment
[0.268s] DEBUG:colcon.colcon_core.shell:Ignoring prefix path '/opt/ros/eloquent'
[0.268s] WARNING:colcon.colcon_core.shell:The following packages are in the workspace but haven't been built:
- cv_bridge
They are being used from the following locations instead:
- /home/ubuntu/dev_ros2_ws/src/vision_opencv/install/cv_bridge
To suppress this warning ignore these packages in the workspace:
--packages-ignore cv_bridge
[0.532s] INFO:colcon.colcon_core.task.python.build:Building Python package in '/home/ubuntu/dev_ros2_ws/src/detectreon_densepose'
[0.533s] INFO:colcon.colcon_core.shell:Skip shell extension 'powershell' for command environment: Not usable outside of PowerShell
[0.534s] DEBUG:colcon.colcon_core.shell:Skip shell extension 'dsv' for command environment
[0.536s] DEBUG:colcon.colcon_core.shell:Ignoring prefix path '/opt/ros/eloquent'
[0.545s] DEBUG:colcon.colcon_core.event_handler.log_command:Invoking command in '/home/ubuntu/dev_ros2_ws/src/detectreon_densepose': PYTHONPATH=/home/ubuntu/dev_ros2_ws/install/detectreon_densepose/lib/python3.6/site-packages:${PYTHONPATH} /usr/bin/python3 setup.py egg_info --egg-base /home/ubuntu/dev_ros2_ws/build/detectreon_densepose build --build-base /home/ubuntu/dev_ros2_ws/build/detectreon_densepose/build install --prefix /home/ubuntu/dev_ros2_ws/install/detectreon_densepose --record /home/ubuntu/dev_ros2_ws/build/detectreon_densepose/install.log --single-version-externally-managed
[0.869s] DEBUG:colcon.colcon_core.event_handler.log_command:Invoked command in '/home/ubuntu/dev_ros2_ws/src/detectreon_densepose' returned '0': PYTHONPATH=/home/ubuntu/dev_ros2_ws/install/detectreon_densepose/lib/python3.6/site-packages:${PYTHONPATH} /usr/bin/python3 setup.py egg_info --egg-base /home/ubuntu/dev_ros2_ws/build/detectreon_densepose build --build-base /home/ubuntu/dev_ros2_ws/build/detectreon_densepose/build install --prefix /home/ubuntu/dev_ros2_ws/install/detectreon_densepose --record /home/ubuntu/dev_ros2_ws/build/detectreon_densepose/install.log --single-version-externally-managed
[0.872s] Level 1:colcon.colcon_core.environment:checking '/home/ubuntu/dev_ros2_ws/install/detectreon_densepose' for CMake module files
[0.872s] Level 1:colcon.colcon_core.environment:checking '/home/ubuntu/dev_ros2_ws/install/detectreon_densepose' for CMake config files
[0.874s] Level 1:colcon.colcon_core.environment:checking '/home/ubuntu/dev_ros2_ws/install/detectreon_densepose/lib'
[0.874s] Level 1:colcon.colcon_core.environment:checking '/home/ubuntu/dev_ros2_ws/install/detectreon_densepose/bin'
[0.874s] Level 1:colcon.colcon_core.environment:checking '/home/ubuntu/dev_ros2_ws/install/detectreon_densepose/lib/pkgconfig/detectreon_densepose.pc'
[0.874s] Level 1:colcon.colcon_core.environment:checking '/home/ubuntu/dev_ros2_ws/install/detectreon_densepose/lib/python3.6/site-packages'
[0.874s] Level 1:colcon.colcon_core.shell:create_environment_hook('detectreon_densepose', 'pythonpath')
[0.875s] INFO:colcon.colcon_core.shell:Creating environment hook '/home/ubuntu/dev_ros2_ws/install/detectreon_densepose/share/detectreon_densepose/hook/pythonpath.ps1'
[0.875s] INFO:colcon.colcon_core.shell:Creating environment descriptor '/home/ubuntu/dev_ros2_ws/install/detectreon_densepose/share/detectreon_densepose/hook/pythonpath.dsv'
[0.875s] INFO:colcon.colcon_core.shell:Creating environment hook '/home/ubuntu/dev_ros2_ws/install/detectreon_densepose/share/detectreon_densepose/hook/pythonpath.sh'
[0.876s] Level 1:colcon.colcon_core.environment:create_environment_scripts_only(detectreon_densepose)
[0.876s] INFO:colcon.colcon_core.shell:Creating package script '/home/ubuntu/dev_ros2_ws/install/detectreon_densepose/share/detectreon_densepose/package.ps1'
[0.877s] INFO:colcon.colcon_core.shell:Creating package descriptor '/home/ubuntu/dev_ros2_ws/install/detectreon_densepose/share/detectreon_densepose/package.dsv'
[0.878s] INFO:colcon.colcon_core.shell:Creating package script '/home/ubuntu/dev_ros2_ws/install/detectreon_densepose/share/detectreon_densepose/package.sh'
[0.879s] INFO:colcon.colcon_core.shell:Creating package script '/home/ubuntu/dev_ros2_ws/install/detectreon_densepose/share/detectreon_densepose/package.bash'
[0.879s] INFO:colcon.colcon_core.shell:Creating package script '/home/ubuntu/dev_ros2_ws/install/detectreon_densepose/share/detectreon_densepose/package.zsh'
[0.880s] Level 1:colcon.colcon_core.environment:create_file_with_runtime_dependencies(/home/ubuntu/dev_ros2_ws/install/detectreon_densepose/share/colcon-core/packages/detectreon_densepose)
[0.880s] DEBUG:colcon.colcon_parallel_executor.executor.parallel:closing loop
[0.881s] DEBUG:colcon.colcon_parallel_executor.executor.parallel:loop closed
[0.881s] DEBUG:colcon.colcon_parallel_executor.executor.parallel:run_until_complete finished with '0'
[0.881s] DEBUG:colcon.colcon_core.event_reactor:joining thread
[0.887s] INFO:colcon.colcon_core.plugin_system:Skipping extension 'colcon_notification.desktop_notification.notify_send': Could not find 'notify-send'
[0.887s] INFO:colcon.colcon_core.plugin_system:Skipping extension 'colcon_notification.desktop_notification.terminal_notifier': Not used on non-Darwin systems
[0.887s] INFO:colcon.colcon_core.plugin_system:Skipping extension 'colcon_notification.desktop_notification.win32': Not used on non-Windows systems
[0.887s] INFO:colcon.colcon_notification.desktop_notification:Sending desktop notification using 'notify2'
[0.887s] DEBUG:colcon.colcon_notification.desktop_notification.notify2:Failed to initialize notify2: org.freedesktop.DBus.Error.NotSupported: Unable to autolaunch a dbus-daemon without a $DISPLAY for X11
[0.887s] DEBUG:colcon.colcon_core.event_reactor:joined thread
[0.888s] INFO:colcon.colcon_core.shell:Creating prefix script '/home/ubuntu/dev_ros2_ws/install/local_setup.ps1'
[0.889s] INFO:colcon.colcon_core.shell:Creating prefix util module '/home/ubuntu/dev_ros2_ws/install/_local_setup_util_ps1.py'
[0.890s] INFO:colcon.colcon_core.shell:Creating prefix chain script '/home/ubuntu/dev_ros2_ws/install/setup.ps1'
[0.892s] INFO:colcon.colcon_core.shell:Creating prefix script '/home/ubuntu/dev_ros2_ws/install/local_setup.sh'
[0.893s] INFO:colcon.colcon_core.shell:Creating prefix util module '/home/ubuntu/dev_ros2_ws/install/_local_setup_util_sh.py'
[0.893s] INFO:colcon.colcon_core.shell:Creating prefix chain script '/home/ubuntu/dev_ros2_ws/install/setup.sh'
[0.896s] INFO:colcon.colcon_core.shell:Creating prefix script '/home/ubuntu/dev_ros2_ws/install/local_setup.bash'
[0.896s] INFO:colcon.colcon_core.shell:Creating prefix chain script '/home/ubuntu/dev_ros2_ws/install/setup.bash'
[0.899s] INFO:colcon.colcon_core.shell:Creating prefix script '/home/ubuntu/dev_ros2_ws/install/local_setup.zsh'
[0.899s] INFO:colcon.colcon_core.shell:Creating prefix chain script '/home/ubuntu/dev_ros2_ws/install/setup.zsh'
