[0.474s] running egg_info
[0.474s] writing /home/ubuntu/dev_ros2_ws/build/imgpub_pkg/imgpub_pkg.egg-info/PKG-INFO
[0.475s] writing dependency_links to /home/ubuntu/dev_ros2_ws/build/imgpub_pkg/imgpub_pkg.egg-info/dependency_links.txt
[0.475s] writing entry points to /home/ubuntu/dev_ros2_ws/build/imgpub_pkg/imgpub_pkg.egg-info/entry_points.txt
[0.475s] writing requirements to /home/ubuntu/dev_ros2_ws/build/imgpub_pkg/imgpub_pkg.egg-info/requires.txt
[0.475s] writing top-level names to /home/ubuntu/dev_ros2_ws/build/imgpub_pkg/imgpub_pkg.egg-info/top_level.txt
[0.505s] reading manifest file '/home/ubuntu/dev_ros2_ws/build/imgpub_pkg/imgpub_pkg.egg-info/SOURCES.txt'
[0.506s] writing manifest file '/home/ubuntu/dev_ros2_ws/build/imgpub_pkg/imgpub_pkg.egg-info/SOURCES.txt'
[0.506s] running build
[0.506s] running build_py
[0.507s] running install
[0.507s] running install_lib
[0.508s] running install_data
[0.508s] copying package.xml -> /home/ubuntu/dev_ros2_ws/install/imgpub_pkg/share/imgpub_pkg
[0.508s] running install_egg_info
[0.510s] removing '/home/ubuntu/dev_ros2_ws/install/imgpub_pkg/lib/python3.6/site-packages/imgpub_pkg-0.0.0-py3.6.egg-info' (and everything under it)
[0.510s] Copying /home/ubuntu/dev_ros2_ws/build/imgpub_pkg/imgpub_pkg.egg-info to /home/ubuntu/dev_ros2_ws/install/imgpub_pkg/lib/python3.6/site-packages/imgpub_pkg-0.0.0-py3.6.egg-info
[0.511s] running install_scripts
[0.527s] Installing imgpub script to /home/ubuntu/dev_ros2_ws/install/imgpub_pkg/lib/imgpub_pkg
[0.527s] writing list of installed files to '/home/ubuntu/dev_ros2_ws/build/imgpub_pkg/install.log'
