[0.368s] Invoking command in '/home/ubuntu/dev_ros2_ws/src/detectreon_densepose': PYTHONPATH=/home/ubuntu/dev_ros2_ws/install/detectreon_densepose/lib/python3.6/site-packages:${PYTHONPATH} /usr/bin/python3 setup.py egg_info --egg-base /home/ubuntu/dev_ros2_ws/build/detectreon_densepose build --build-base /home/ubuntu/dev_ros2_ws/build/detectreon_densepose/build install --prefix /home/ubuntu/dev_ros2_ws/install/detectreon_densepose --record /home/ubuntu/dev_ros2_ws/build/detectreon_densepose/install.log --single-version-externally-managed
[0.697s] running egg_info
[0.698s] writing /home/ubuntu/dev_ros2_ws/build/detectreon_densepose/detectreon_densepose.egg-info/PKG-INFO
[0.698s] writing dependency_links to /home/ubuntu/dev_ros2_ws/build/detectreon_densepose/detectreon_densepose.egg-info/dependency_links.txt
[0.698s] writing entry points to /home/ubuntu/dev_ros2_ws/build/detectreon_densepose/detectreon_densepose.egg-info/entry_points.txt
[0.698s] writing requirements to /home/ubuntu/dev_ros2_ws/build/detectreon_densepose/detectreon_densepose.egg-info/requires.txt
[0.699s] writing top-level names to /home/ubuntu/dev_ros2_ws/build/detectreon_densepose/detectreon_densepose.egg-info/top_level.txt
[0.729s] reading manifest file '/home/ubuntu/dev_ros2_ws/build/detectreon_densepose/detectreon_densepose.egg-info/SOURCES.txt'
[0.731s] writing manifest file '/home/ubuntu/dev_ros2_ws/build/detectreon_densepose/detectreon_densepose.egg-info/SOURCES.txt'
[0.731s] running build
[0.731s] running build_py
[0.731s] copying detectreon_densepose/densepose.py -> /home/ubuntu/dev_ros2_ws/build/detectreon_densepose/build/lib/detectreon_densepose
[0.731s] running install
[0.732s] running install_lib
[0.732s] copying /home/ubuntu/dev_ros2_ws/build/detectreon_densepose/build/lib/detectreon_densepose/densepose.py -> /home/ubuntu/dev_ros2_ws/install/detectreon_densepose/lib/python3.6/site-packages/detectreon_densepose
[0.733s] byte-compiling /home/ubuntu/dev_ros2_ws/install/detectreon_densepose/lib/python3.6/site-packages/detectreon_densepose/densepose.py to densepose.cpython-36.pyc
[0.734s] running install_data
[0.734s] running install_egg_info
[0.736s] removing '/home/ubuntu/dev_ros2_ws/install/detectreon_densepose/lib/python3.6/site-packages/detectreon_densepose-0.0.0-py3.6.egg-info' (and everything under it)
[0.736s] Copying /home/ubuntu/dev_ros2_ws/build/detectreon_densepose/detectreon_densepose.egg-info to /home/ubuntu/dev_ros2_ws/install/detectreon_densepose/lib/python3.6/site-packages/detectreon_densepose-0.0.0-py3.6.egg-info
[0.737s] running install_scripts
[0.754s] Installing detection script to /home/ubuntu/dev_ros2_ws/install/detectreon_densepose/lib/detectreon_densepose
[0.754s] writing list of installed files to '/home/ubuntu/dev_ros2_ws/build/detectreon_densepose/install.log'
[0.777s] Invoked command in '/home/ubuntu/dev_ros2_ws/src/detectreon_densepose' returned '0': PYTHONPATH=/home/ubuntu/dev_ros2_ws/install/detectreon_densepose/lib/python3.6/site-packages:${PYTHONPATH} /usr/bin/python3 setup.py egg_info --egg-base /home/ubuntu/dev_ros2_ws/build/detectreon_densepose build --build-base /home/ubuntu/dev_ros2_ws/build/detectreon_densepose/build install --prefix /home/ubuntu/dev_ros2_ws/install/detectreon_densepose --record /home/ubuntu/dev_ros2_ws/build/detectreon_densepose/install.log --single-version-externally-managed
