[0.694s] running egg_info
[0.695s] writing /home/ubuntu/dev_ros2_ws/build/detectreon_densepose/detectreon_densepose.egg-info/PKG-INFO
[0.695s] writing dependency_links to /home/ubuntu/dev_ros2_ws/build/detectreon_densepose/detectreon_densepose.egg-info/dependency_links.txt
[0.695s] writing entry points to /home/ubuntu/dev_ros2_ws/build/detectreon_densepose/detectreon_densepose.egg-info/entry_points.txt
[0.695s] writing requirements to /home/ubuntu/dev_ros2_ws/build/detectreon_densepose/detectreon_densepose.egg-info/requires.txt
[0.696s] writing top-level names to /home/ubuntu/dev_ros2_ws/build/detectreon_densepose/detectreon_densepose.egg-info/top_level.txt
[0.725s] reading manifest file '/home/ubuntu/dev_ros2_ws/build/detectreon_densepose/detectreon_densepose.egg-info/SOURCES.txt'
[0.726s] writing manifest file '/home/ubuntu/dev_ros2_ws/build/detectreon_densepose/detectreon_densepose.egg-info/SOURCES.txt'
[0.726s] running build
[0.726s] running build_py
[0.727s] copying detectreon_densepose/densepose.py -> /home/ubuntu/dev_ros2_ws/build/detectreon_densepose/build/lib/detectreon_densepose
[0.727s] running install
[0.727s] running install_lib
[0.728s] copying /home/ubuntu/dev_ros2_ws/build/detectreon_densepose/build/lib/detectreon_densepose/densepose.py -> /home/ubuntu/dev_ros2_ws/install/detectreon_densepose/lib/python3.6/site-packages/detectreon_densepose
[0.728s] byte-compiling /home/ubuntu/dev_ros2_ws/install/detectreon_densepose/lib/python3.6/site-packages/detectreon_densepose/densepose.py to densepose.cpython-36.pyc
[0.729s] running install_data
[0.729s] running install_egg_info
[0.731s] removing '/home/ubuntu/dev_ros2_ws/install/detectreon_densepose/lib/python3.6/site-packages/detectreon_densepose-0.0.0-py3.6.egg-info' (and everything under it)
[0.731s] Copying /home/ubuntu/dev_ros2_ws/build/detectreon_densepose/detectreon_densepose.egg-info to /home/ubuntu/dev_ros2_ws/install/detectreon_densepose/lib/python3.6/site-packages/detectreon_densepose-0.0.0-py3.6.egg-info
[0.732s] running install_scripts
[0.748s] Installing detection script to /home/ubuntu/dev_ros2_ws/install/detectreon_densepose/lib/detectreon_densepose
[0.748s] writing list of installed files to '/home/ubuntu/dev_ros2_ws/build/detectreon_densepose/install.log'
