[0.531s] running egg_info
[0.531s] creating /home/ubuntu/dev_ros2_ws/build/detectreon_densepose/detectreon_densepose.egg-info
[0.532s] writing /home/ubuntu/dev_ros2_ws/build/detectreon_densepose/detectreon_densepose.egg-info/PKG-INFO
[0.532s] writing dependency_links to /home/ubuntu/dev_ros2_ws/build/detectreon_densepose/detectreon_densepose.egg-info/dependency_links.txt
[0.532s] writing entry points to /home/ubuntu/dev_ros2_ws/build/detectreon_densepose/detectreon_densepose.egg-info/entry_points.txt
[0.532s] writing requirements to /home/ubuntu/dev_ros2_ws/build/detectreon_densepose/detectreon_densepose.egg-info/requires.txt
[0.532s] writing top-level names to /home/ubuntu/dev_ros2_ws/build/detectreon_densepose/detectreon_densepose.egg-info/top_level.txt
[0.533s] writing manifest file '/home/ubuntu/dev_ros2_ws/build/detectreon_densepose/detectreon_densepose.egg-info/SOURCES.txt'
[0.562s] reading manifest file '/home/ubuntu/dev_ros2_ws/build/detectreon_densepose/detectreon_densepose.egg-info/SOURCES.txt'
[0.563s] writing manifest file '/home/ubuntu/dev_ros2_ws/build/detectreon_densepose/detectreon_densepose.egg-info/SOURCES.txt'
[0.563s] running build
[0.563s] running build_py
[0.564s] creating /home/ubuntu/dev_ros2_ws/build/detectreon_densepose/build
[0.564s] creating /home/ubuntu/dev_ros2_ws/build/detectreon_densepose/build/lib
[0.564s] creating /home/ubuntu/dev_ros2_ws/build/detectreon_densepose/build/lib/detectreon_densepose
[0.564s] copying detectreon_densepose/__init__.py -> /home/ubuntu/dev_ros2_ws/build/detectreon_densepose/build/lib/detectreon_densepose
[0.564s] copying detectreon_densepose/densepose.py -> /home/ubuntu/dev_ros2_ws/build/detectreon_densepose/build/lib/detectreon_densepose
[0.564s] running install
[0.565s] running install_lib
[0.565s] creating /home/ubuntu/dev_ros2_ws/install/detectreon_densepose/lib/python3.6/site-packages/detectreon_densepose
[0.565s] copying /home/ubuntu/dev_ros2_ws/build/detectreon_densepose/build/lib/detectreon_densepose/__init__.py -> /home/ubuntu/dev_ros2_ws/install/detectreon_densepose/lib/python3.6/site-packages/detectreon_densepose
[0.566s] copying /home/ubuntu/dev_ros2_ws/build/detectreon_densepose/build/lib/detectreon_densepose/densepose.py -> /home/ubuntu/dev_ros2_ws/install/detectreon_densepose/lib/python3.6/site-packages/detectreon_densepose
[0.566s] byte-compiling /home/ubuntu/dev_ros2_ws/install/detectreon_densepose/lib/python3.6/site-packages/detectreon_densepose/__init__.py to __init__.cpython-36.pyc
[0.566s] byte-compiling /home/ubuntu/dev_ros2_ws/install/detectreon_densepose/lib/python3.6/site-packages/detectreon_densepose/densepose.py to densepose.cpython-36.pyc
[0.567s] running install_data
[0.568s] creating /home/ubuntu/dev_ros2_ws/install/detectreon_densepose/share/ament_index
[0.568s] creating /home/ubuntu/dev_ros2_ws/install/detectreon_densepose/share/ament_index/resource_index
[0.568s] creating /home/ubuntu/dev_ros2_ws/install/detectreon_densepose/share/ament_index/resource_index/packages
[0.568s] copying resource/detectreon_densepose -> /home/ubuntu/dev_ros2_ws/install/detectreon_densepose/share/ament_index/resource_index/packages
[0.568s] copying package.xml -> /home/ubuntu/dev_ros2_ws/install/detectreon_densepose/share/detectreon_densepose
[0.568s] running install_egg_info
[0.570s] Copying /home/ubuntu/dev_ros2_ws/build/detectreon_densepose/detectreon_densepose.egg-info to /home/ubuntu/dev_ros2_ws/install/detectreon_densepose/lib/python3.6/site-packages/detectreon_densepose-0.0.0-py3.6.egg-info
[0.571s] running install_scripts
[0.587s] Installing detection script to /home/ubuntu/dev_ros2_ws/install/detectreon_densepose/lib/detectreon_densepose
[0.587s] writing list of installed files to '/home/ubuntu/dev_ros2_ws/build/detectreon_densepose/install.log'
