[0.252s] Invoking command in '/home/ubuntu/dev_ros2_ws/src/imgpub_pkg': PYTHONPATH=/home/ubuntu/dev_ros2_ws/install/imgpub_pkg/lib/python3.6/site-packages:${PYTHONPATH} /usr/bin/python3 setup.py egg_info --egg-base /home/ubuntu/dev_ros2_ws/build/imgpub_pkg build --build-base /home/ubuntu/dev_ros2_ws/build/imgpub_pkg/build install --prefix /home/ubuntu/dev_ros2_ws/install/imgpub_pkg --record /home/ubuntu/dev_ros2_ws/build/imgpub_pkg/install.log --single-version-externally-managed
[0.469s] running egg_info
[0.469s] writing /home/ubuntu/dev_ros2_ws/build/imgpub_pkg/imgpub_pkg.egg-info/PKG-INFO
[0.470s] writing dependency_links to /home/ubuntu/dev_ros2_ws/build/imgpub_pkg/imgpub_pkg.egg-info/dependency_links.txt
[0.470s] writing entry points to /home/ubuntu/dev_ros2_ws/build/imgpub_pkg/imgpub_pkg.egg-info/entry_points.txt
[0.470s] writing requirements to /home/ubuntu/dev_ros2_ws/build/imgpub_pkg/imgpub_pkg.egg-info/requires.txt
[0.470s] writing top-level names to /home/ubuntu/dev_ros2_ws/build/imgpub_pkg/imgpub_pkg.egg-info/top_level.txt
[0.500s] reading manifest file '/home/ubuntu/dev_ros2_ws/build/imgpub_pkg/imgpub_pkg.egg-info/SOURCES.txt'
[0.501s] writing manifest file '/home/ubuntu/dev_ros2_ws/build/imgpub_pkg/imgpub_pkg.egg-info/SOURCES.txt'
[0.502s] running build
[0.502s] running build_py
[0.502s] copying imgpub_pkg/imgpub_node.py -> /home/ubuntu/dev_ros2_ws/build/imgpub_pkg/build/lib/imgpub_pkg
[0.502s] running install
[0.502s] running install_lib
[0.503s] copying /home/ubuntu/dev_ros2_ws/build/imgpub_pkg/build/lib/imgpub_pkg/imgpub_node.py -> /home/ubuntu/dev_ros2_ws/install/imgpub_pkg/lib/python3.6/site-packages/imgpub_pkg
[0.503s] byte-compiling /home/ubuntu/dev_ros2_ws/install/imgpub_pkg/lib/python3.6/site-packages/imgpub_pkg/imgpub_node.py to imgpub_node.cpython-36.pyc
[0.504s] running install_data
[0.504s] running install_egg_info
[0.506s] removing '/home/ubuntu/dev_ros2_ws/install/imgpub_pkg/lib/python3.6/site-packages/imgpub_pkg-0.0.0-py3.6.egg-info' (and everything under it)
[0.506s] Copying /home/ubuntu/dev_ros2_ws/build/imgpub_pkg/imgpub_pkg.egg-info to /home/ubuntu/dev_ros2_ws/install/imgpub_pkg/lib/python3.6/site-packages/imgpub_pkg-0.0.0-py3.6.egg-info
[0.506s] running install_scripts
[0.523s] Installing imgpub script to /home/ubuntu/dev_ros2_ws/install/imgpub_pkg/lib/imgpub_pkg
[0.523s] writing list of installed files to '/home/ubuntu/dev_ros2_ws/build/imgpub_pkg/install.log'
[0.540s] Invoked command in '/home/ubuntu/dev_ros2_ws/src/imgpub_pkg' returned '0': PYTHONPATH=/home/ubuntu/dev_ros2_ws/install/imgpub_pkg/lib/python3.6/site-packages:${PYTHONPATH} /usr/bin/python3 setup.py egg_info --egg-base /home/ubuntu/dev_ros2_ws/build/imgpub_pkg build --build-base /home/ubuntu/dev_ros2_ws/build/imgpub_pkg/build install --prefix /home/ubuntu/dev_ros2_ws/install/imgpub_pkg --record /home/ubuntu/dev_ros2_ws/build/imgpub_pkg/install.log --single-version-externally-managed
